{"data": "REKEY E0 roster=['A', 'B', 'C']", "tag": "PAIu8G48aFD5F6H6xcqF2fRXKippFaZCH3tvIot5tyk="}
{"data": "BOOT new epoch E0 roster=['A', 'B', 'C']", "tag": "GsJgBD9QqRfjsXkqhS3nruehsh/nJceHWlc455wz8IY="}
{"data": "SEND A E0 seq=0 to=['B', 'C']", "tag": "kA4kEC15Fvy6sSw06Ddy6jEf6XoeES3gABA6ivoxgkI="}
{"data": "SEND B E0 seq=0 to=['A', 'C']", "tag": "076QNGsEtnHjfioyf0PuqHa3Qo1uL/WHuYZpXZ8HjUI="}
{"data": "SEND C E0 seq=0 to=['A', 'B']", "tag": "krQoxiAcdUertDsvOOgDkVWDp4xIyiAsfdkFKOeuHHA="}
{"data": "SEND A E0 seq=1 to=['B', 'C']", "tag": "x2SQwsOI5p0GpAVu41zSXBUkhUFgxKuF0+3BpQPsHKc="}
{"data": "SEND B E0 seq=1 to=['A', 'C']", "tag": "I/7vv4MNktNJ815FoCZqcxundlNwVGNXlEPerN1eVbQ="}
{"data": "SEND C E0 seq=1 to=['A', 'B']", "tag": "61odDJrzGDaS4+0AhpoCOIepW0Rqj44+C/K1gBU1EdM="}
{"data": "SEND A E0 seq=2 to=['B', 'C']", "tag": "o8FcIS7x75D0cTOnhF9dYY5YowVlubIXsvWcrYGenpk="}
{"data": "SEND B E0 seq=2 to=['A', 'C']", "tag": "UNf3vtpxWCurS20QEkuYIJRDnyw6MA/sh2ZW+TmR5m0="}
{"data": "SEND C E0 seq=2 to=['A', 'B']", "tag": "G7kqJ47EnE+0jvnijrUUph0dBWfAzNtNEqklYH4eTkE="}
{"data": "SEND A E0 seq=3 to=['B', 'C']", "tag": "CuGeQl8FWjzPtWgW978bfilsPA/WZ6ow2Wf/GBeTO+Q="}
{"data": "SEND B E0 seq=3 to=['A', 'C']", "tag": "yXU+O5i1vE0aCWxKv1esbSctyh6fOALYvaEDPV2G0V0="}
{"data": "SEND C E0 seq=3 to=['A', 'B']", "tag": "/EK5mmovAMKQg00nYHXnrWX/o271FTl4pTXMVDckQ1Y="}
{"data": "DELIVERED A E0 seq=1", "tag": "DBhKMUxLAA/6UEk0ZfmK/GiReQBkNRNPHqotSveHwNE="}
{"data": "DELIVERED B E0 seq=1", "tag": "4wQ3GA4WGOFdtFwJU2tiLqVnGV61ysGElg4q8/2JmXQ="}
{"data": "DELIVERED C E0 seq=0", "tag": "sw2d4GWc0hZenxstpH9SudnPBViakmPkn2fUkr9B/7A="}
{"data": "DELIVERED C E0 seq=3", "tag": "hbs70llx5y2MaPpQ5U1QhUCuePHSnIaUKt9mZCjL7LE="}
{"data": "DELIVERED C E0 seq=2", "tag": "cviY2JDExWdPUy7LvD6GnIqRg/2xW5H3Ti3U1bvo04g="}
{"data": "DELIVERED B E0 seq=2", "tag": "PQ+PNNDxu4N0c+wdHbW8Gm24A1Tab5jQ9oRyUWmbyyw="}
{"data": "DELIVERED C E0 seq=1", "tag": "iMvRmH81Uig7b2xfAdUKTaUCWnTRZ5PcEKj+IxvWWU8="}
{"data": "DELIVERED A E0 seq=3", "tag": "XoTNer3k8a3S9WCbEOYyjlv6TR1GkaUXZN7wdljht9M="}
{"data": "DELIVERED B E0 seq=3", "tag": "xu4CXNyxg+rRoZW4dSvum8msNRZtxt/jlgi2x6TodcM="}
{"data": "DELIVERED A E0 seq=2", "tag": "ckOx3sOEJXQRCk4gM+5sIgwX6ecezvN81Sue7vMXqeI="}
{"data": "DELIVERED B E0 seq=0", "tag": "GeQDGpcb8A1d8mcaFloZ1WoJ9bh5VNaUkpBXpT1mX20="}
{"data": "DELIVERED A E0 seq=0", "tag": "F8IIa46viRCfwY3m7PlZmf5T2maP4s2sY4mHWMo1v3w="}
{"ts": 1760137640.851804, "data": {"event": "AUDIT_CHAIN_START", "note": "auto-recover(new-chain)", "ts": 1760137640.851744}, "tag": "T0d+NAT2Z1684UwYdXyE8Ymk6CQu4MxEsvrejfjTJBI="}
{"ts": 1760137640.852818, "data": {"event": "AUDIT_CHAIN_START", "note": "verify-failed-restart-chain", "ts": 1760137640.8527749}, "tag": "SLcpCVuXZPgNxwVxyOuPlFrrznDgHz027h5eUzWs2z0="}
{"ts": 1760137640.8744261, "data": {"event": "REKEY", "epoch": 0, "roster": ["A", "B", "C"]}, "tag": "D9ucuko2JTi0R21gPh7aDlOCNjmLaPUGLJ4oWcZd2tI="}
{"ts": 1760137640.8747818, "data": {"event": "BOOT_NEW", "epoch": 0, "roster": ["A", "B", "C"]}, "tag": "T3UcvderTjcHDCgZ7JYnPy924Y28oRBcA1pivQVfXTs="}
{"ts": 1760137640.875212, "data": {"event": "SEND", "sid": "A", "epoch": 0, "seq": 0, "to": ["B", "C"]}, "tag": "NctBZOVXuhB8UggDqVtLIH2Ol1cWLRKQ5CEwL7nKVPM="}
{"ts": 1760137640.8755221, "data": {"event": "SEND", "sid": "B", "epoch": 0, "seq": 0, "to": ["A", "C"]}, "tag": "XHMWo8690Me6jQxZssphGZx88llPmDzlY/9mxjIBTuA="}
{"ts": 1760137640.875795, "data": {"event": "SEND", "sid": "C", "epoch": 0, "seq": 0, "to": ["A", "B"]}, "tag": "/n6uGZTJHps3nI0jBb+MsOyOazR0WKrxgILb76FNktk="}
{"ts": 1760137640.876051, "data": {"event": "SEND", "sid": "A", "epoch": 0, "seq": 1, "to": ["B", "C"]}, "tag": "iGTKU7217XwNkhxyG2Ao0tLAstdPKDCRSFbTJw8VIH0="}
{"ts": 1760137640.876294, "data": {"event": "SEND", "sid": "B", "epoch": 0, "seq": 1, "to": ["A", "C"]}, "tag": "daLSgIk50e1fHtQB3AQUJle9QbGMJseT6aYYWHh8F5Q="}
{"ts": 1760137640.8766599, "data": {"event": "SEND", "sid": "C", "epoch": 0, "seq": 1, "to": ["A", "B"]}, "tag": "2v6xwpMOOxDQ51lF70ZafaB2pkQFpHgj14NLGJu9RNY="}
{"ts": 1760137640.8769422, "data": {"event": "SEND", "sid": "A", "epoch": 0, "seq": 2, "to": ["B", "C"]}, "tag": "BwX96Nsm1HnIoZ7GBMRqVGsUkI2XWEZIixhqypaggL0="}
{"ts": 1760137640.8772638, "data": {"event": "SEND", "sid": "B", "epoch": 0, "seq": 2, "to": ["A", "C"]}, "tag": "kuoDaOXBxLQxA/WiwWJ23zVPmVoBsKWJjl4/WN6aoi0="}
{"ts": 1760137640.877501, "data": {"event": "SEND", "sid": "C", "epoch": 0, "seq": 2, "to": ["A", "B"]}, "tag": "FLdLJHJxl1EeuLKtwVMdnwWJEr2SpKvc7oJTQby7Pw0="}
{"ts": 1760137640.877857, "data": {"event": "SEND", "sid": "A", "epoch": 0, "seq": 3, "to": ["B", "C"]}, "tag": "wpm+/3CxbSWnhcTVj1V7t4G+GMqpc1/8+37BYNn1/ZI="}
{"ts": 1760137640.878148, "data": {"event": "SEND", "sid": "B", "epoch": 0, "seq": 3, "to": ["A", "C"]}, "tag": "JlJlVTvJJwPoAU6oVljTLCXAkRL8hkAKzWxPUeAgf2Q="}
{"ts": 1760137640.878409, "data": {"event": "SEND", "sid": "C", "epoch": 0, "seq": 3, "to": ["A", "B"]}, "tag": "AwF9XmIqAqpAvuDlFjPsXALODstbHj3zA1BTlR1FWs0="}
{"ts": 1760137640.899534, "data": {"event": "DELIVERED", "sid": "C", "epoch": 0, "seq": 0}, "tag": "LsWPqRH08QVOzgeccmh/cTIIvUZSE5dcKCNviYjtkrs="}
{"ts": 1760137640.9066381, "data": {"event": "CHECKPOINT", "epoch": 0, "inflight_total": 11}, "tag": "j6NgBPGlVQbel8DyY8ViZQoT4uZFAm0Wc/O8sbROMAs="}
{"ts": 1760137640.907338, "data": {"event": "DELIVERED", "sid": "B", "epoch": 0, "seq": 1}, "tag": "4u0kQblaBT7x8QOHJF69tejkqZ7kYlQu2btpgwVHGl8="}
{"ts": 1760137640.908059, "data": {"event": "DELIVERED", "sid": "C", "epoch": 0, "seq": 3}, "tag": "UpX1yr+Ukpxe2OchNrCwfPz/VwdBER+KeMIDQJIaFWY="}
{"ts": 1760137640.91257, "data": {"event": "DELIVERED", "sid": "A", "epoch": 0, "seq": 1}, "tag": "fQ/9yfSUyJv4N9Aer1UxmPC5M79++VdAzEn4X5JUkKw="}
{"ts": 1760137640.92856, "data": {"event": "DELIVERED", "sid": "B", "epoch": 0, "seq": 2}, "tag": "7ZdZt87NO/9mBMEIgsgr+A1SWNqS123gAmdbKGcCH/M="}
{"ts": 1760137640.934975, "data": {"event": "CHECKPOINT", "epoch": 0, "inflight_total": 7}, "tag": "BBE+vYRoH/rrvE8x3+j9SWKFcn8SYxxZZh9ds0S3zIA="}
{"ts": 1760137640.962118, "data": {"event": "CHECKPOINT", "epoch": 0, "inflight_total": 7}, "tag": "6PXMlYWjiuwsGBgVZ0ncrzRuUPKMtmbDh07E861PFx0="}
{"ts": 1760137640.986974, "data": {"event": "CHECKPOINT", "epoch": 0, "inflight_total": 7}, "tag": "u2ltMlv+pBbQujXYsy9A5pkFM9L9duZLH+DIOQWE7oE="}
{"ts": 1760137641.014691, "data": {"event": "CHECKPOINT", "epoch": 0, "inflight_total": 7}, "tag": "b8PbwYyjRc7V3AffmSqNl2DFIn2N52Z/z+D2jqb7dRM="}
{"ts": 1760137641.0235069, "data": {"event": "DELIVERED", "sid": "A", "epoch": 0, "seq": 3}, "tag": "UcsUOio6U0J0LvX4Eon3CLsNg+oYf1f0/LHr6oM0wU8="}
{"ts": 1760137641.028482, "data": {"event": "DELIVERED", "sid": "C", "epoch": 0, "seq": 1}, "tag": "8TDK4f/Z+/TlbeU94jOADO//QEhu6a9fviRd8dfOBGo="}
{"ts": 1760137641.042463, "data": {"event": "CHECKPOINT", "epoch": 0, "inflight_total": 5}, "tag": "E0BbY8D3uKCt+X9wio6HA/70rnIsI9Zgo7zauQtAlnA="}
{"ts": 1760137641.068652, "data": {"event": "CHECKPOINT", "epoch": 0, "inflight_total": 5}, "tag": "u0/sXvXbLF3Cjw38qxIdTCPHK1majIPu0PLNxTFTWtQ="}
{"ts": 1760137641.095436, "data": {"event": "CHECKPOINT", "epoch": 0, "inflight_total": 5}, "tag": "4c8viKGGghpQ3issb4qDP4+MDh4Kqmm8HGTFfoUtPus="}
{"ts": 1760137641.121856, "data": {"event": "CHECKPOINT", "epoch": 0, "inflight_total": 5}, "tag": "prjRia+HAiSst3fziIWFIOzE1mrtXqaGbEDyjwabrHk="}
{"ts": 1760137641.130549, "data": {"event": "DELIVERED", "sid": "C", "epoch": 0, "seq": 2}, "tag": "kzy/mJLRps4Jt2AchX3opaSIDthBff3PB99M+iOMzVg="}
{"ts": 1760137641.149087, "data": {"event": "CHECKPOINT", "epoch": 0, "inflight_total": 4}, "tag": "B1VV69IXJ9k+dcJQ6+Y4P+Yo7sWF7YjucXhiv/Q++M0="}
{"ts": 1760137641.157714, "data": {"event": "DELIVERED", "sid": "A", "epoch": 0, "seq": 0}, "tag": "tRKMMolWltkOCBswIg9dLP9r/ByE3Mcy8cEzQY+h/lY="}
{"ts": 1760137641.177866, "data": {"event": "CHECKPOINT", "epoch": 0, "inflight_total": 3}, "tag": "Q3+bCdisG1gGpyoVsmJbYg1+5UMRpOtgniFhfGrTwa4="}
{"ts": 1760137641.2041988, "data": {"event": "CHECKPOINT", "epoch": 0, "inflight_total": 3}, "tag": "IsvBrkjLaAr3wJbR04b4k2SPULGl+bed+cOp9E+fXNE="}
{"ts": 1760137641.2284758, "data": {"event": "CHECKPOINT", "epoch": 0, "inflight_total": 3}, "tag": "Hn/IqhqSM0oF0hVrlwa5rMizC53s8doN0Zsv756NllY="}
{"ts": 1760137641.2553222, "data": {"event": "CHECKPOINT", "epoch": 0, "inflight_total": 3}, "tag": "fFCLzNQ5PT4V49F7eHOjBNNw830WvimipuovFjp8te8="}
{"ts": 1760137641.2760162, "data": {"event": "DELIVERED", "sid": "A", "epoch": 0, "seq": 2}, "tag": "MTSTs/OLSsmCLZzvElU9eAq2MvhOM4o8/fHREmbj2Q8="}
{"ts": 1760137641.276614, "data": {"event": "DELIVERED", "sid": "B", "epoch": 0, "seq": 3}, "tag": "Zc9493lszxbZrD7CyTmfINi17Kb7fHHzNfK/k5A9jQs="}
{"ts": 1760137641.2829561, "data": {"event": "CHECKPOINT", "epoch": 0, "inflight_total": 1}, "tag": "hRTnc6hgzFnhNCz8DJGd9Ii4g60bcDNz6ZqTYD9fK4E="}
{"ts": 1760137641.2911968, "data": {"event": "DELIVERED", "sid": "B", "epoch": 0, "seq": 0}, "tag": "caXDerZZTsVOrdActZS/5PVYDg6EBigB+RTzOK6/pvg="}
{"ts": 1760137641.297606, "data": {"event": "CHECKPOINT", "epoch": 0, "inflight_total": 0}, "tag": "tVsKDVtIJfKJ5ZRlB5gyjymOMFbz4nESkEAXAer8eaw="}
{"ts": 1760234769.768636, "data": {"event": "AUDIT_CHAIN_RESYNC", "note": "verify-failed"}, "tag": "GkSVz2oVDPxc0FOp1tdTFtl6BnuOgtthTsWty10xzmw="}
{"ts": 1760234769.769427, "data": {"event": "REKEY", "epoch": 0, "roster": ["A", "B", "C"]}, "tag": "qYjj41LOJCUmyT3XoK/+uXYQ94WUW0riZ6zVDaUwDz4="}
{"ts": 1760234769.769563, "data": {"event": "BOOT_NEW", "epoch": 0, "roster": ["A", "B", "C"]}, "tag": "4C9HRO0FKIA5RL7Zjz2crcbJeecvnnRhhWwc01Bg8QM="}
{"ts": 1760234769.769923, "data": {"event": "SEND", "sid": "A", "epoch": 0, "seq": 0, "to": ["B", "C"]}, "tag": "lYMtsbucZeV2awHDFIo83Qj+Tvgzo5lQNhzjDeUlPaI="}
{"ts": 1760234769.77012, "data": {"event": "SEND", "sid": "B", "epoch": 0, "seq": 0, "to": ["A", "C"]}, "tag": "c8bUWcHOmy+Ud1C2JTuLp8ozXIn8gxjcISiUTmKsDjc="}
{"ts": 1760234769.770314, "data": {"event": "SEND", "sid": "C", "epoch": 0, "seq": 0, "to": ["A", "B"]}, "tag": "BiMNoN9Y6dti879Z6nt1ATqYD+GJdtS09PTdNM4b22s="}
{"ts": 1760234769.770474, "data": {"event": "SEND", "sid": "A", "epoch": 0, "seq": 1, "to": ["B", "C"]}, "tag": "yuxn2OgrAlDdSyiOrBZj1i3ULxpOaeDMMgd6FbJX2KM="}
{"ts": 1760234769.7707782, "data": {"event": "SEND", "sid": "B", "epoch": 0, "seq": 1, "to": ["A", "C"]}, "tag": "g11fmhyehXvJ74C0Nrbrm6pzm+B6t1tWFy61Os57umY="}
{"ts": 1760234769.770974, "data": {"event": "SEND", "sid": "C", "epoch": 0, "seq": 1, "to": ["A", "B"]}, "tag": "ujyNhW7koe9ncA/YWLzh3jgrJYsaF9AVt+wAhWQ3+Cs="}
{"ts": 1760234769.771134, "data": {"event": "SEND", "sid": "A", "epoch": 0, "seq": 2, "to": ["B", "C"]}, "tag": "WqTu7qUfP/hWU2x57xP0LU3RV73zIITA3Lqp6BmwpLA="}
{"ts": 1760234769.771445, "data": {"event": "SEND", "sid": "B", "epoch": 0, "seq": 2, "to": ["A", "C"]}, "tag": "8rYxFJyIOMiAUwQkxB8ULpZxW6P4bUwTNi9GfjVClWU="}
{"ts": 1760234769.7716339, "data": {"event": "SEND", "sid": "C", "epoch": 0, "seq": 2, "to": ["A", "B"]}, "tag": "VpmetwXkgHEWkghQDNE90fivqvONY7bPL2URv3RTNNs="}
{"ts": 1760234769.791169, "data": {"event": "DELIVERED", "sid": "C", "epoch": 0, "seq": 0}, "tag": "UTAKE1nFVr39YVqTgjiMUM6Yi37iPpWFptXjLZTj8Kg="}
{"ts": 1760234769.7963588, "data": {"event": "CHECKPOINT", "epoch": 0, "inflight_total": 8}, "tag": "B19+H1k8j9muL1N+sQ6BMqQTHrh0lmoonE0a9wbA85s="}
{"ts": 1760234769.7965062, "data": {"event": "DELIVERED", "sid": "A", "epoch": 0, "seq": 1}, "tag": "/asVUrE5JW39+j4PUpBEvzJn3OpNdg97fotzmYRMz84="}
{"ts": 1760234769.7967548, "data": {"event": "DELIVERED", "sid": "B", "epoch": 0, "seq": 2}, "tag": "HqAQXWlxtxXuINmwBEQCW4UC8idUswpJUJvd49gY3ts="}
{"ts": 1760234769.824212, "data": {"event": "CHECKPOINT", "epoch": 0, "inflight_total": 6}, "tag": "qogvmy1s6pGDoNTTIFnsgLHfSnaxXh5N7dR8OFvnl28="}
{"ts": 1760234769.8470578, "data": {"event": "CHECKPOINT", "epoch": 0, "inflight_total": 6}, "tag": "hELoBWohrMTve1B7arfjz3eDeTuv5HrHiaZR1tlDP6M="}
{"ts": 1760234769.87056, "data": {"event": "CHECKPOINT", "epoch": 0, "inflight_total": 6}, "tag": "GPQHHpuQ+P6+oy9iekcroxzbQW+hWmt7uoPkmzcRPZA="}
{"ts": 1760234769.891534, "data": {"event": "CHECKPOINT", "epoch": 0, "inflight_total": 6}, "tag": "WnxAn/QQ6cT86fr3+YCjPjEFDR7tcYKHIrBd8WvqymM="}
{"ts": 1760234769.909368, "data": {"event": "DELIVERED", "sid": "A", "epoch": 0, "seq": 2}, "tag": "Jzqp85mbvpoIoG7SEtNvwY3YvFWmpS46dbCuAMxXHnA="}
{"ts": 1760234769.914082, "data": {"event": "CHECKPOINT", "epoch": 0, "inflight_total": 5}, "tag": "TcRVYsUejwwXY/JdtRhxl5jNtzv8mr9wAmzBMp9EveA="}
{"ts": 1760234769.9175732, "data": {"event": "DELIVERED", "sid": "B", "epoch": 0, "seq": 1}, "tag": "Hrl6j5mRi4Rnh7/aJGh5vhGLhqP4DDjoWbIRdLuxeWU="}
{"ts": 1760234769.931972, "data": {"event": "DELIVERED", "sid": "A", "epoch": 0, "seq": 0}, "tag": "g82llUAnCRDZh32jQYmeOiorC4E5i8MySTeYwPnkVIc="}
{"ts": 1760234769.9368398, "data": {"event": "CHECKPOINT", "epoch": 0, "inflight_total": 3}, "tag": "DrLrpdASY5rJ56YKm0WYXbyklY4ebmeeoxUWbHeV1BA="}
{"ts": 1760234769.936992, "data": {"event": "DELIVERED", "sid": "B", "epoch": 0, "seq": 0}, "tag": "Q2V2C6hY4ssjm9cgJ/jl1tHctEdGrSaYYlXuYicESAo="}
{"ts": 1760234769.9411142, "data": {"event": "DELIVERED", "sid": "C", "epoch": 0, "seq": 1}, "tag": "amCsMxgDnd4TcLuiCIVsjg2Y+tt1wcE5RKVTcdpyGTQ="}
{"ts": 1760234769.9646988, "data": {"event": "CHECKPOINT", "epoch": 0, "inflight_total": 1}, "tag": "aApNn8hrYiKJjVQZloyGUe7Pzgv4lz33wF4LRgkPKdk="}
{"ts": 1760234769.986463, "data": {"event": "CHECKPOINT", "epoch": 0, "inflight_total": 1}, "tag": "ZREIoEAGdjqvyUaZjq/nLLVZ7eLJJwlxfJyN3QOr9OI="}
{"ts": 1760234770.009563, "data": {"event": "CHECKPOINT", "epoch": 0, "inflight_total": 1}, "tag": "BjMoFzdKd3ULwr+x0zwNOCEuLtv7b3L0p2oQBQUkkd0="}
{"ts": 1760234770.032609, "data": {"event": "CHECKPOINT", "epoch": 0, "inflight_total": 1}, "tag": "7VYfzRjCjSmKapfCOkGG07ZkQraPISFJL0si5gGXknA="}
{"ts": 1760234770.055875, "data": {"event": "CHECKPOINT", "epoch": 0, "inflight_total": 1}, "tag": "vA+JjK1i04qufelHgu4+DIbb2rCUqmowDFfVoAPxr4M="}
{"ts": 1760234770.07874, "data": {"event": "CHECKPOINT", "epoch": 0, "inflight_total": 1}, "tag": "BgBAo7pxkxlshsPAVdDH4b52WmSQ+BfNvFA72WQ3d1M="}
{"ts": 1760234770.101556, "data": {"event": "CHECKPOINT", "epoch": 0, "inflight_total": 1}, "tag": "4i/T/8Z4pUeQVneioupwSrxdNyt8mKQxLN8Rf4rBUIE="}
{"ts": 1760234770.124873, "data": {"event": "CHECKPOINT", "epoch": 0, "inflight_total": 1}, "tag": "/tFym4qpOIeJBpGCFasgZME4Hd2Yaj94g6FHLeTMj5Q="}
{"ts": 1760234770.148027, "data": {"event": "CHECKPOINT", "epoch": 0, "inflight_total": 1}, "tag": "GWsGvFZLiwoH32UPpiOVIUmnQ6pabAYwqGSo54CKgsQ="}
{"ts": 1760234770.175004, "data": {"event": "CHECKPOINT", "epoch": 0, "inflight_total": 1}, "tag": "PCpT9GftCznO+nuTy7c4/L+E9HDQ3jSg/Px01dFJvBs="}
{"ts": 1760234770.197303, "data": {"event": "CHECKPOINT", "epoch": 0, "inflight_total": 1}, "tag": "8+IftfnLlsps7oNOTI8hIolB3qYoubLA7al9vYa0OaY="}
{"ts": 1760234770.220277, "data": {"event": "CHECKPOINT", "epoch": 0, "inflight_total": 1}, "tag": "tTp44KPgh+soJUUpXQVzwVn1DSO7sYEc9CMcY+33+8g="}
{"ts": 1760234770.2429938, "data": {"event": "CHECKPOINT", "epoch": 0, "inflight_total": 1}, "tag": "AOFgMxUVrMySRmjdfCUnE6r0GBC4yV6BUPuRWTeZy+8="}
{"ts": 1760234770.266908, "data": {"event": "CHECKPOINT", "epoch": 0, "inflight_total": 1}, "tag": "TzvnXsA11qCnBUpA9S8sasK04Ocare4eKswTE4WaXYg="}
{"ts": 1760234770.295399, "data": {"event": "CHECKPOINT", "epoch": 0, "inflight_total": 1}, "tag": "2ckGW2cqxBK9LX6uwJbvmo9a9wVOm3DOFKaohYynmVo="}
{"ts": 1760234770.3192909, "data": {"event": "CHECKPOINT", "epoch": 0, "inflight_total": 1}, "tag": "ie+d/UXXxYyZoIEp4EWCO8NA5UCwOxrVN+95ZUmw3BU="}
{"ts": 1760234770.343294, "data": {"event": "CHECKPOINT", "epoch": 0, "inflight_total": 1}, "tag": "wnPtEw5VdMKOS2IPINZ4RPsqqV+twgz7HbdQunQY+sM="}
{"ts": 1760234770.366564, "data": {"event": "CHECKPOINT", "epoch": 0, "inflight_total": 1}, "tag": "s5H+7tDTifUDcqdyffulm4ftbLO19BKLB2P6ZXxX6AM="}
{"ts": 1760234770.381381, "data": {"event": "RETRY_LIMIT", "sid": "C", "seq": 2, "to": "B"}, "tag": "UwijYgrgVO6+Q+EcHqqvzmSjz4L1HkhLXjLraU6ReTk="}
{"ts": 1760234770.390007, "data": {"event": "CHECKPOINT", "epoch": 0, "inflight_total": 1}, "tag": "Wzlgn2lXQxScYlMQI21m5QGqS5yieG0W0wPUhfA3EgU="}
{"ts": 1760234770.413184, "data": {"event": "CHECKPOINT", "epoch": 0, "inflight_total": 1}, "tag": "EL4M3aHFoeCNimAY+2sZftrOEyDuwP3RbuJBfj1WwYo="}
{"ts": 1760234770.435362, "data": {"event": "CHECKPOINT", "epoch": 0, "inflight_total": 1}, "tag": "F9d9SxnM2nK6KUWIHU8PWOLsrNk0cr6XHEL/JCqTPBk="}
{"ts": 1760234770.45832, "data": {"event": "CHECKPOINT", "epoch": 0, "inflight_total": 1}, "tag": "y7IpLhOoRf3YkdAInMLk41TKHzTddFN3OZ8onYd3KTM="}
{"ts": 1760234770.48877, "data": {"event": "CHECKPOINT", "epoch": 0, "inflight_total": 1}, "tag": "SLifK5Wtyao+PP1P/63m/wjgaql2ymkqU6dfhzUXD/4="}
{"ts": 1760234770.5110312, "data": {"event": "CHECKPOINT", "epoch": 0, "inflight_total": 1}, "tag": "eeXT8u5Z9Y6kuvBz3HOJ1igm6qM+XAmmzSeH67h0TN4="}
{"ts": 1760234770.532713, "data": {"event": "CHECKPOINT", "epoch": 0, "inflight_total": 1}, "tag": "QMvB+h6cjmCCwc8wWhBTSM+bfh3AoANFhtzy2+HE1Ws="}
{"ts": 1760234770.555679, "data": {"event": "CHECKPOINT", "epoch": 0, "inflight_total": 1}, "tag": "Ufay56nZ7cfo5uBLWZ60mhGF/apGjF6KiEWZ8u/Gq8Q="}
{"ts": 1760234770.579606, "data": {"event": "CHECKPOINT", "epoch": 0, "inflight_total": 1}, "tag": "XTr/FobYl3fEPhsNRiS5b748XTOpc6RXFk+cC2s+WNY="}
{"ts": 1760234770.6035001, "data": {"event": "CHECKPOINT", "epoch": 0, "inflight_total": 1}, "tag": "zMjcVk6H6tUnNAK8fITMUGDJxKRCOunPRmIfsuEMVaA="}
{"ts": 1760234770.6333299, "data": {"event": "CHECKPOINT", "epoch": 0, "inflight_total": 1}, "tag": "5tJptx9pJ4H0hRaMrEcgadJD8fMy1u6PenoAZs8oCQ0="}
{"ts": 1760234770.657463, "data": {"event": "CHECKPOINT", "epoch": 0, "inflight_total": 1}, "tag": "htnZIlZjgdgyayFldbr55AHxPTrAADBxyjZBp5UTcj4="}
{"ts": 1760234770.680619, "data": {"event": "CHECKPOINT", "epoch": 0, "inflight_total": 1}, "tag": "QLr2vbcDKHK4ToADnA/teo3qXOKCtfhO73EdlgjB/t4="}
{"ts": 1760234770.704556, "data": {"event": "CHECKPOINT", "epoch": 0, "inflight_total": 1}, "tag": "UaQEtUL4v1qNNOHMUJxKcVB1Dc1nLgX3AkvqhgaRTpM="}
{"ts": 1760234770.7266922, "data": {"event": "CHECKPOINT", "epoch": 0, "inflight_total": 1}, "tag": "JR3Uzhy0c29V6efyAgW56XBVK4lMLZqmgMrT0vz0Nk0="}
{"ts": 1760234770.7499928, "data": {"event": "CHECKPOINT", "epoch": 0, "inflight_total": 1}, "tag": "4am8AYngMG/0m0k2ZTVtNqBNoqLtXWcHMDay2yiK0ps="}
{"ts": 1760234770.773252, "data": {"event": "CHECKPOINT", "epoch": 0, "inflight_total": 1}, "tag": "4JUZPouRQNp/P/KRco23+5UGw4UuLmDGvDlE0kVkg64="}
{"ts": 1760234770.7958348, "data": {"event": "CHECKPOINT", "epoch": 0, "inflight_total": 1}, "tag": "0TTyXRpcgnxKKTO9szVARVdJZgfjLDOXnpEggXKYyVo="}
{"ts": 1760234770.826358, "data": {"event": "CHECKPOINT", "epoch": 0, "inflight_total": 1}, "tag": "JX1PaZxz6xEJRvjTNoNPu9la6+IsRgJLRHUqLpgwXl4="}
{"ts": 1760234770.849849, "data": {"event": "CHECKPOINT", "epoch": 0, "inflight_total": 1}, "tag": "RRsBHfOR765W7TZsZpR4043VOTjjLc7T5b319UFxLfQ="}
{"ts": 1760234770.873089, "data": {"event": "CHECKPOINT", "epoch": 0, "inflight_total": 1}, "tag": "iF1jsYOhBZOqJ9Urv1hOi41wHviKFtYjl0QhFn32/rs="}
{"ts": 1760234770.897172, "data": {"event": "CHECKPOINT", "epoch": 0, "inflight_total": 1}, "tag": "6fhSomWzg3vVCxEhwIaUqHJWC9EhfVIpmyH7mR4GTYo="}
{"ts": 1760234770.920505, "data": {"event": "CHECKPOINT", "epoch": 0, "inflight_total": 1}, "tag": "yWwejrElg8GJEY5vBSBSW/wupcfqJxYy1PpVCmjZgiE="}
{"ts": 1760234770.946626, "data": {"event": "CHECKPOINT", "epoch": 0, "inflight_total": 1}, "tag": "6Q9zUq9UCY7pAxSml2HDmtbMsh6Rx+dAQxDGQZo9H8Q="}
{"ts": 1760234770.96912, "data": {"event": "CHECKPOINT", "epoch": 0, "inflight_total": 1}, "tag": "amQD9+P8YzKPe/COOM/ZbSC1U1SJTucspLady4GUMNU="}
{"ts": 1760234770.993165, "data": {"event": "CHECKPOINT", "epoch": 0, "inflight_total": 1}, "tag": "UJLQPs0NsYXqb05S7ZMub2q79cu1tFo2v97Dm9WJh28="}
{"ts": 1760234771.0160608, "data": {"event": "CHECKPOINT", "epoch": 0, "inflight_total": 1}, "tag": "eIG1yyp7KvbVpVEIjY8vHty871o9iEf5NkWG00ZQXjs="}
{"ts": 1760234771.039356, "data": {"event": "CHECKPOINT", "epoch": 0, "inflight_total": 1}, "tag": "BXEyxcWKaJs9MaI2XuS/g2AOhGtLHn3TEQdfDa5Q57k="}
{"ts": 1760234771.062463, "data": {"event": "CHECKPOINT", "epoch": 0, "inflight_total": 1}, "tag": "ZswfcTfd0uyGPxHqzKjuLjpCBuUJbuzpIIKqGgxksuU="}
{"ts": 1760234771.085661, "data": {"event": "CHECKPOINT", "epoch": 0, "inflight_total": 1}, "tag": "UMWxmtA7+eh5IMnAXQbk5HoNuoKsktq4l6RCxfvKwbU="}
{"ts": 1760234771.108753, "data": {"event": "CHECKPOINT", "epoch": 0, "inflight_total": 1}, "tag": "bkvVW8NvakRBYC8fSkuaOWxxQqIMrDC+M5rkYYXqizw="}
{"ts": 1760234771.13905, "data": {"event": "CHECKPOINT", "epoch": 0, "inflight_total": 1}, "tag": "h407XdI7GYjqeCOituux/WrvXjiTbvYq/t0zdspk+HM="}
{"ts": 1760234771.162585, "data": {"event": "CHECKPOINT", "epoch": 0, "inflight_total": 1}, "tag": "GnHIe01Qst7fCsqqCfuvYnoUc/sidHLS8ZO3Ka35HxM="}
{"ts": 1760234771.185972, "data": {"event": "CHECKPOINT", "epoch": 0, "inflight_total": 1}, "tag": "WXdvgWEFah5gDLRsLL5a5AmKjno396Bn/IUeDolrZII="}
{"ts": 1760234771.2087371, "data": {"event": "CHECKPOINT", "epoch": 0, "inflight_total": 1}, "tag": "1O7+ll682o54MIA+XnZI/dyPkyyv0/S16SIiw43Uolc="}
{"ts": 1760234771.232806, "data": {"event": "CHECKPOINT", "epoch": 0, "inflight_total": 1}, "tag": "Tcbn+ypzqgshifh0s01PtmjjeAevxx0/KPY1WUalU/I="}
{"ts": 1760234771.260076, "data": {"event": "CHECKPOINT", "epoch": 0, "inflight_total": 1}, "tag": "PrzHXEyw/9rym9BV9SneUjwIZU23SKiamCdJ1dPDOKI="}
{"ts": 1760234771.2817159, "data": {"event": "CHECKPOINT", "epoch": 0, "inflight_total": 1}, "tag": "iL1iOB04o73TsfFl2nzzBIcMF9lkyASeW+ZfWE2zK+U="}
{"ts": 1760234771.304441, "data": {"event": "CHECKPOINT", "epoch": 0, "inflight_total": 1}, "tag": "SXli+ClhC8RqH7WImr574dt8rFnH6Trr2awRMicPsNM="}
{"ts": 1760234771.326733, "data": {"event": "CHECKPOINT", "epoch": 0, "inflight_total": 1}, "tag": "H27JsANvSh1cH37+XejLHmCoGTMsTC41wBSEixWcAa4="}
{"ts": 1760234771.3498728, "data": {"event": "CHECKPOINT", "epoch": 0, "inflight_total": 1}, "tag": "2SazVix0sA+5bvKM/ags6CWBO3mhj3yPAt89+L+C1wE="}
{"ts": 1760234771.373184, "data": {"event": "CHECKPOINT", "epoch": 0, "inflight_total": 1}, "tag": "o5Mo1mJMDZ/C/H9Tq08/AWsxo5+xSB0Z86B1sxAu8/o="}
{"ts": 1760234771.396127, "data": {"event": "CHECKPOINT", "epoch": 0, "inflight_total": 1}, "tag": "Hvdxg47xe5SJfVQ7EOb0mP9tGhtR3OZvTubTwfHqAYU="}
{"ts": 1760234771.4190972, "data": {"event": "CHECKPOINT", "epoch": 0, "inflight_total": 1}, "tag": "DwExDcdwuNzmA0oKU7yQl8K3x9b3mZaKiIfvCv+QG1Y="}
{"ts": 1760234771.442258, "data": {"event": "CHECKPOINT", "epoch": 0, "inflight_total": 1}, "tag": "Sk70rmQmFz5T5X+r0bp/8QZSHpWtBEXAqR5aRj5wcrI="}
{"ts": 1760234771.467184, "data": {"event": "CHECKPOINT", "epoch": 0, "inflight_total": 1}, "tag": "rPAwG87kEHnD20gcTnX2/3H13E2KRQiNYO2O3sV2N8U="}
{"ts": 1760234771.4894981, "data": {"event": "CHECKPOINT", "epoch": 0, "inflight_total": 1}, "tag": "C7EoCu5xxff6yutMvTXbCodsYSYtBdpIDRNzhxgqwMc="}
{"ts": 1760234771.51222, "data": {"event": "CHECKPOINT", "epoch": 0, "inflight_total": 1}, "tag": "E+PKkraYZ4GgFZW3evpSZCKX1pjqAoibVVD8ryL8DEo="}
{"ts": 1760234771.535298, "data": {"event": "CHECKPOINT", "epoch": 0, "inflight_total": 1}, "tag": "LZ8PEFNcVijSYgDFw6gWlXI1EinTrwb3Jvopv0Duuys="}
{"ts": 1760234771.558521, "data": {"event": "CHECKPOINT", "epoch": 0, "inflight_total": 1}, "tag": "QpmBPF8rUu89z1Nxu3N8gOJW8V/oC/+u9f4vpY/l3ms="}
{"ts": 1760234771.586547, "data": {"event": "CHECKPOINT", "epoch": 0, "inflight_total": 1}, "tag": "msJGwrIEG/zl74XwgaUKk8szlAgdtBtxR2c7lkj0vy8="}
{"ts": 1760234771.610643, "data": {"event": "CHECKPOINT", "epoch": 0, "inflight_total": 1}, "tag": "JglZHuKItVNU2m+krdCt3rDNT0Xv35Y+6rjiIl724XU="}
{"ts": 1760234771.633125, "data": {"event": "CHECKPOINT", "epoch": 0, "inflight_total": 1}, "tag": "bN3MV10YuGCZkqPQ/xXgvHod+FaGRquCC16GfeHEqfI="}
{"ts": 1760234771.6563962, "data": {"event": "CHECKPOINT", "epoch": 0, "inflight_total": 1}, "tag": "MlXl8LQ44B0gXlQbHlrCBeKAzqrVnHZYyEg2GVXOyAM="}
{"ts": 1760234771.6801732, "data": {"event": "CHECKPOINT", "epoch": 0, "inflight_total": 1}, "tag": "hMZugN8+Bjov1BAHGKl3FSuNfh3utlGZpX54MxF3oOw="}
{"ts": 1760234771.703671, "data": {"event": "CHECKPOINT", "epoch": 0, "inflight_total": 1}, "tag": "hPBU82Y2unuwQMtiOTqAoKxplwShf1UdJyeANv3+a2c="}
{"ts": 1760234771.7266681, "data": {"event": "CHECKPOINT", "epoch": 0, "inflight_total": 1}, "tag": "UR90mKPYw4dnQunbmQIyu9TsM4GMz6Hex0i+EF5d0l4="}
{"ts": 1760234771.749304, "data": {"event": "CHECKPOINT", "epoch": 0, "inflight_total": 1}, "tag": "aozmJGFjzR0eoRejI98Ruln8T2bP+qlcnbIUuvHCBZw="}
{"ts": 1760234771.7722921, "data": {"event": "CHECKPOINT", "epoch": 0, "inflight_total": 1}, "tag": "2ORUNpD1AnUEHeaRbgzpNsUbBQGmUeqUa1h9BDNfre4="}
{"ts": 1760234771.773136, "data": {"event": "CHECKPOINT", "epoch": 0, "inflight_total": 1}, "tag": "Y77V3lLqwnx1AX0w+0OI3JWmswzuB31dZronh2JEwnM="}
{"ts": 1760234772.0402648, "data": {"event": "ROTATE_DATA_DEK", "at": 1760234772.040214}, "tag": "LzQ8qF5u6dhMCPdLOBVje+ltHFN3R7aJ4rFpd8JNQ8c="}
{"ts": 1760234772.040467, "data": {"event": "SEND", "sid": "A", "epoch": 0, "seq": 3, "to": ["B", "C"]}, "tag": "s3empocEhKiGKlbeP5HWdTtXrwlVXGda5+/WMbC1Cwk="}
{"ts": 1760234772.040745, "data": {"event": "SEND", "sid": "B", "epoch": 0, "seq": 3, "to": ["A", "C"]}, "tag": "clZyLsAPTJ6B7OM+7DIjlN6gvVcRsfiuSvFc/6QfBpM="}
{"ts": 1760234772.0409322, "data": {"event": "SEND", "sid": "C", "epoch": 0, "seq": 3, "to": ["A", "B"]}, "tag": "U3Fpf1CH23m3HiCAzqrN5JPpE1wTVm1w2jp80AJGpws="}
{"ts": 1760234772.0634391, "data": {"event": "CHECKPOINT", "epoch": 0, "inflight_total": 4}, "tag": "9EZu+p18fTt+fucb0M/oTTAPYmxtfu+h8IVbsZNmJ/o="}
{"ts": 1760234772.071281, "data": {"event": "DELIVERED", "sid": "B", "epoch": 0, "seq": 3}, "tag": "9rFoyrpq8aQw+o2nsymVNOHXs/rUMPwttgHL1v6Cm8A="}
{"ts": 1760234772.086383, "data": {"event": "CHECKPOINT", "epoch": 0, "inflight_total": 3}, "tag": "a+H2NK1dsl+rMcFUsBdhXahA19sFo31hCQEIAsdUgng="}
{"ts": 1760234772.109477, "data": {"event": "CHECKPOINT", "epoch": 0, "inflight_total": 3}, "tag": "v6YXfmCgJKbgpjJXO/BayyVaveljbSSW6t/WZmkqfC8="}
{"ts": 1760234772.1317508, "data": {"event": "CHECKPOINT", "epoch": 0, "inflight_total": 3}, "tag": "pHDVIuhj+6SzoPoUqfy30WlmbJqEZlFG1DcMB9WYcxc="}
{"ts": 1760234772.1593862, "data": {"event": "CHECKPOINT", "epoch": 0, "inflight_total": 3}, "tag": "hTftTPH/lTtHbwvEF/JCU4tQ1cy/TzN15C0dRA4eva0="}
{"ts": 1760234772.182508, "data": {"event": "CHECKPOINT", "epoch": 0, "inflight_total": 3}, "tag": "sS4Waoik5QBqJDeheVu7PtNhrGFPM3Nvac4tWSqSKIo="}
{"ts": 1760234772.185908, "data": {"event": "DELIVERED", "sid": "C", "epoch": 0, "seq": 3}, "tag": "ZhQi8sEM4G344Mh7IH06SWz/WjLP2/AIwjGlvb3LYeE="}
{"ts": 1760234772.205621, "data": {"event": "CHECKPOINT", "epoch": 0, "inflight_total": 2}, "tag": "LRdgaRdOZSM2X+973/Mo6AkaZnTBNjaFje6NpFHtRN4="}
{"ts": 1760234772.228982, "data": {"event": "CHECKPOINT", "epoch": 0, "inflight_total": 2}, "tag": "/cR954HnBDgAGydqksaKGU8sHppkC028cPf5hq7g/ik="}
{"ts": 1760234772.252141, "data": {"event": "CHECKPOINT", "epoch": 0, "inflight_total": 2}, "tag": "Eu/dHmYK65RKjPKvLflzg1BW4C7Y4xGsldnAkNbBMzQ="}
{"ts": 1760234772.280985, "data": {"event": "CHECKPOINT", "epoch": 0, "inflight_total": 2}, "tag": "QWtDq/QUDhIHK2saqyExzCiDsbtUQr6EzeB+q8p4wfE="}
{"ts": 1760234772.304516, "data": {"event": "CHECKPOINT", "epoch": 0, "inflight_total": 2}, "tag": "ehODTjW5kZSKCWNR4JF8VBSaTUk48geBx5/YLsp5tfE="}
{"ts": 1760234772.3285928, "data": {"event": "CHECKPOINT", "epoch": 0, "inflight_total": 2}, "tag": "qwJ3Zw6TbpkI7Rj3KmEYlJZ2pZcgylyqw0k9YpbareI="}
{"ts": 1760234772.332609, "data": {"event": "DELIVERED", "sid": "A", "epoch": 0, "seq": 3}, "tag": "dojFhHD2bmmB5MfoH5GuroBt7ZMpzbn/kOjjeJdZCgw="}
{"ts": 1760234772.3514519, "data": {"event": "CHECKPOINT", "epoch": 0, "inflight_total": 1}, "tag": "M0lRWl1wVWUhgb1cEH2vCK10s2TouPsqxftXmQtM1og="}
{"ts": 1760234772.375057, "data": {"event": "CHECKPOINT", "epoch": 0, "inflight_total": 1}, "tag": "t2sH5DkBMP8cnB6zDHImBZJSuO0dgMlUEqAMfu0hfAw="}
{"ts": 1760234772.39802, "data": {"event": "CHECKPOINT", "epoch": 0, "inflight_total": 1}, "tag": "4GTtrGowhUEhkd9Bp3tMnard9Blp5DaF7XJJzdoPR/U="}
{"ts": 1760234772.421522, "data": {"event": "CHECKPOINT", "epoch": 0, "inflight_total": 1}, "tag": "Hyfh3oh+g0bJcDEowUyix7BdYHwQ9SbG5eUCGKSbA0Q="}
{"ts": 1760234772.4440231, "data": {"event": "CHECKPOINT", "epoch": 0, "inflight_total": 1}, "tag": "dWPLqRW/CG7PMva6GvqIJjmqdqhX5Wonv2KReDnpSBs="}
{"ts": 1760234772.473566, "data": {"event": "CHECKPOINT", "epoch": 0, "inflight_total": 1}, "tag": "46FmZdHvLO8LEEjDmY5kO44rseqgpPSaZcLQLNwMfkU="}
{"ts": 1760234772.4962409, "data": {"event": "CHECKPOINT", "epoch": 0, "inflight_total": 1}, "tag": "i5Nry68Cc6b9ZbpKYjq5HbZhVlKL62Q4MYT2NDWcGDk="}
{"ts": 1760234772.520423, "data": {"event": "CHECKPOINT", "epoch": 0, "inflight_total": 1}, "tag": "vcFemj8BIwNy2ykn9E2Jh1gKGH2yZsCTGgFvafo67Ck="}
{"ts": 1760234772.543114, "data": {"event": "CHECKPOINT", "epoch": 0, "inflight_total": 1}, "tag": "7mYofj3MMOzXrBtjuAosdI9Zh1tEZXDWmklnOPiXq6w="}
{"ts": 1760234772.567012, "data": {"event": "CHECKPOINT", "epoch": 0, "inflight_total": 1}, "tag": "dtNQY1622VHiWVZbJs4GFXVoZe7cr+Dc2E2DjzLnOK0="}
{"ts": 1760234772.5966332, "data": {"event": "CHECKPOINT", "epoch": 0, "inflight_total": 1}, "tag": "3msbrsxcZ3iT4iGn7vHB2uWWrSn1p7B9NZMtzYalrMI="}
{"ts": 1760234772.6193862, "data": {"event": "CHECKPOINT", "epoch": 0, "inflight_total": 1}, "tag": "XlB6SrDhv6D3q/34ij8gSlBFW2pMBjISFR+ROQKHhpU="}
{"ts": 1760234772.642986, "data": {"event": "CHECKPOINT", "epoch": 0, "inflight_total": 1}, "tag": "ouGnniYJuXHhIRa/6lQILdrC6n143rgm+l0h2N1MXiU="}
{"ts": 1760234772.666873, "data": {"event": "CHECKPOINT", "epoch": 0, "inflight_total": 1}, "tag": "ez5tPSRje+MTfqWmOaMt1K08KDaAxqHzIgWAzVpL8gU="}
{"ts": 1760234772.6890838, "data": {"event": "CHECKPOINT", "epoch": 0, "inflight_total": 1}, "tag": "hJpFUz3RKsp33cKnGbyes2EIxudAUJp1XB2yXZfMzFw="}
{"ts": 1760234772.7126641, "data": {"event": "CHECKPOINT", "epoch": 0, "inflight_total": 1}, "tag": "Fda9xhyOEr7/ZB6T/JYaeothuHi2aZ9rSPAZOLA6heU="}
{"ts": 1760234772.736788, "data": {"event": "CHECKPOINT", "epoch": 0, "inflight_total": 1}, "tag": "rrs15/j4qvrfuUL/4vVzmJC5oMXLkDTN1QjVa5i7fDs="}
{"ts": 1760234772.759433, "data": {"event": "CHECKPOINT", "epoch": 0, "inflight_total": 1}, "tag": "1Tp3AySI7TrMDkLNkwTmjT+Mn1c15TwYZ44XcnGdYmY="}
{"ts": 1760234772.7878962, "data": {"event": "CHECKPOINT", "epoch": 0, "inflight_total": 1}, "tag": "uyd3oDDNAZmP3/7d9wibtu4iqk60wi6tLhfX7E7T/L8="}
{"ts": 1760234772.811598, "data": {"event": "CHECKPOINT", "epoch": 0, "inflight_total": 1}, "tag": "j7liwa+Z3Xn7Z9QJrvBfB2992dHvsAr6OgSJxSJnMyA="}
{"ts": 1760234772.835259, "data": {"event": "CHECKPOINT", "epoch": 0, "inflight_total": 1}, "tag": "jI0aMkGpuJ9irarUu4mdNfrbkiF4s048Ihy9RxZs5lk="}
{"ts": 1760234772.858701, "data": {"event": "CHECKPOINT", "epoch": 0, "inflight_total": 1}, "tag": "JAiImPa8M0TgKzjDTXUdefdupgZZ6XGIFT/dslKNJKo="}
{"ts": 1760234772.881932, "data": {"event": "CHECKPOINT", "epoch": 0, "inflight_total": 1}, "tag": "whKcG9+i/sn8oTsvcqb+S/mVrQCsZc4Vh77pHnqTWLg="}
{"ts": 1760234772.905487, "data": {"event": "CHECKPOINT", "epoch": 0, "inflight_total": 1}, "tag": "ZjUEjG2A+T/l7lVfeQIwYsB1H/MtAiYDXzfxAsEmCBU="}
{"ts": 1760234772.932168, "data": {"event": "CHECKPOINT", "epoch": 0, "inflight_total": 1}, "tag": "MYvPAqfZjeFOWK1r/x3pI8faU7LoE/46A48SC0cPgyA="}
{"ts": 1760234772.955623, "data": {"event": "CHECKPOINT", "epoch": 0, "inflight_total": 1}, "tag": "7cpbLdsV5KJE+mkDs82VT4Famlw20shq3OKToIRe6P0="}
{"ts": 1760234772.979012, "data": {"event": "CHECKPOINT", "epoch": 0, "inflight_total": 1}, "tag": "PnesROSvNZJROYlqCcIeoJjtNKDy1iwtCEL0KpGhcXY="}
{"ts": 1760234773.0017831, "data": {"event": "CHECKPOINT", "epoch": 0, "inflight_total": 1}, "tag": "yeblBTAt22itqXuyDXRdVxyznEvW3PjJUctExnTiXcs="}
{"ts": 1760234773.0253708, "data": {"event": "CHECKPOINT", "epoch": 0, "inflight_total": 1}, "tag": "t/fSPPpY8EJbtriNeUqhrz4Lx+H4bVykhbbA9KfXMEE="}
{"ts": 1760234773.047341, "data": {"event": "CHECKPOINT", "epoch": 0, "inflight_total": 1}, "tag": "HYMWgCTwuknROUiPHig3cSu3maZ7mgC2ocLrbS1wtns="}
{"ts": 1760234773.074312, "data": {"event": "CHECKPOINT", "epoch": 0, "inflight_total": 1}, "tag": "3bx7aS6DwSsCdtQPCK1oHeox8T0T2yxItnHMYhCQizs="}
{"ts": 1760234773.098048, "data": {"event": "CHECKPOINT", "epoch": 0, "inflight_total": 1}, "tag": "z7OKK+1baPrJITMICyC98aT2+PZrZ97NDRVikzbWHwQ="}
{"ts": 1760234773.122041, "data": {"event": "CHECKPOINT", "epoch": 0, "inflight_total": 1}, "tag": "/VB2LI8MRRrJ+FgWCjAzGfhrOgfKujXl3gCti3TMHXY="}
{"ts": 1760234773.1439328, "data": {"event": "CHECKPOINT", "epoch": 0, "inflight_total": 1}, "tag": "b3aPTo+5S8WidgZMOqenNR6SqQnx1+R7lqSC9L6J4gg="}
{"ts": 1760234773.167209, "data": {"event": "CHECKPOINT", "epoch": 0, "inflight_total": 1}, "tag": "B66iE6lJAX/EOi2e8M/yF+MRUXC1WNMya/Tf6xs9LCY="}
{"ts": 1760234773.1895602, "data": {"event": "CHECKPOINT", "epoch": 0, "inflight_total": 1}, "tag": "Ec9SXb5PE2LzIXR9rGTej6QRMT+AgyMdi00M8JQ7JrI="}
{"ts": 1760234773.212469, "data": {"event": "CHECKPOINT", "epoch": 0, "inflight_total": 1}, "tag": "JICMlZ95jNbpTi07aEL5gGArymiHAtLkT60aF71M6+s="}
{"ts": 1760234773.2366688, "data": {"event": "CHECKPOINT", "epoch": 0, "inflight_total": 1}, "tag": "vizV+v19WuOOobha6hzzEFj2TcU1mEn/k7dtcsSnOjw="}
{"ts": 1760234773.265425, "data": {"event": "CHECKPOINT", "epoch": 0, "inflight_total": 1}, "tag": "1nRKHtIXT5IDLs/fd5Qxf1NcLygl1zUDrZLkoIcTmX0="}
{"ts": 1760234773.288862, "data": {"event": "CHECKPOINT", "epoch": 0, "inflight_total": 1}, "tag": "Qib35pdDMK5JRJCZHqUaGWB6+aBrYq0/HCdKDpvDHlg="}
{"ts": 1760234773.3127098, "data": {"event": "CHECKPOINT", "epoch": 0, "inflight_total": 1}, "tag": "3in2BoMm3o7fE5idDaFN2sIU/5SVgpte6dEfPlDD7Io="}
{"ts": 1760234773.335826, "data": {"event": "CHECKPOINT", "epoch": 0, "inflight_total": 1}, "tag": "EwuLoa4TLJNJJh5sreqo6WoH0GfLBhIpdKXTOGO7FE8="}
{"ts": 1760234773.359144, "data": {"event": "CHECKPOINT", "epoch": 0, "inflight_total": 1}, "tag": "+60WhONDeXwjLFPAsh04mRchDOJJnncs5Pztlnlt5Ao="}
{"ts": 1760234773.3870232, "data": {"event": "CHECKPOINT", "epoch": 0, "inflight_total": 1}, "tag": "i2je0SmCyo+wmmQfUUDlGNCkgh4df6cgr56K9kU3qwI="}
{"ts": 1760234773.4109828, "data": {"event": "CHECKPOINT", "epoch": 0, "inflight_total": 1}, "tag": "651sQysthzSgJvprWWSq0jtmk0TL5Z2GBn2cDAkJpXk="}
{"ts": 1760234773.4342332, "data": {"event": "CHECKPOINT", "epoch": 0, "inflight_total": 1}, "tag": "ux6VZ+tDRLofr+1Z6JeuIfpdn662QTbgN4tLLtQSqZk="}
{"ts": 1760234773.457949, "data": {"event": "CHECKPOINT", "epoch": 0, "inflight_total": 1}, "tag": "QwCr7nbtfmV7LalWDA/VXg8HEOYJNtkkMvk2hQRqeR8="}
{"ts": 1760234773.481248, "data": {"event": "CHECKPOINT", "epoch": 0, "inflight_total": 1}, "tag": "8yZYXBTUxUvrLsVHA7iKuWD1U4jJRc46otpPEIQXOsg="}
{"ts": 1760234773.504929, "data": {"event": "CHECKPOINT", "epoch": 0, "inflight_total": 1}, "tag": "8DA07fK0vcSiMdtANnmvQPQUaY2NfMyKIRUen4rnkXY="}
{"ts": 1760234773.52761, "data": {"event": "CHECKPOINT", "epoch": 0, "inflight_total": 1}, "tag": "sbbHdqARnQrDLAPwMEQQRAIH/oORveImJ8t4/sehTuY="}
{"ts": 1760234773.550404, "data": {"event": "CHECKPOINT", "epoch": 0, "inflight_total": 1}, "tag": "chBWOZs0YqkyK7lfJDuBOhnwXAH3j+vw7CfsOZ/DiSo="}
{"ts": 1760234773.580384, "data": {"event": "CHECKPOINT", "epoch": 0, "inflight_total": 1}, "tag": "3vRkjdblQynErciu99dRfzqq9JQX3zGzm/6Gnb552jg="}
{"ts": 1760234773.603682, "data": {"event": "CHECKPOINT", "epoch": 0, "inflight_total": 1}, "tag": "jkXAKqw4hIzeB0xAh3BbOs5gnpQGJ15Awk8ThAT7hs4="}
{"ts": 1760234773.627499, "data": {"event": "CHECKPOINT", "epoch": 0, "inflight_total": 1}, "tag": "YwQHuKC8vN79SvlRGaL+/HeKgg1OOKfD00JXWwZ7gQg="}
{"ts": 1760234773.650475, "data": {"event": "CHECKPOINT", "epoch": 0, "inflight_total": 1}, "tag": "B+ZBDRRUtXN0Ll+oHKai4GinzFIkOnmnNtBIEou5kBk="}
{"ts": 1760234773.674592, "data": {"event": "CHECKPOINT", "epoch": 0, "inflight_total": 1}, "tag": "5vdt7oeJ6SPahyAMxlPaYewqtzv7Swo+x+w7Ua1sQXY="}
{"ts": 1760234773.703267, "data": {"event": "CHECKPOINT", "epoch": 0, "inflight_total": 1}, "tag": "hmszmG8X9jIOdROBrzvjLzQ1geb/KpjfjtwtJQVno8o="}
{"ts": 1760234773.72659, "data": {"event": "CHECKPOINT", "epoch": 0, "inflight_total": 1}, "tag": "dURxnA11n3r+GpyWyNJD1BgterNQ4wsaVNb3yJ0oq/E="}
{"ts": 1760234773.7479959, "data": {"event": "CHECKPOINT", "epoch": 0, "inflight_total": 1}, "tag": "ANrDy5ZEhgwNkWKVMlLx1j3TJIInWSQY8JRsMh4ddLY="}
{"ts": 1760234773.7708101, "data": {"event": "CHECKPOINT", "epoch": 0, "inflight_total": 1}, "tag": "Dr1Mwmoexda/f3qn9j8isVdd6gQKhw/Av8nPpGyevZU="}
{"ts": 1760234773.794049, "data": {"event": "CHECKPOINT", "epoch": 0, "inflight_total": 1}, "tag": "OTUhwcLw3vivAWuiPL5tReZXxZq2w4aYT14KpeHwSrY="}
{"ts": 1760234773.816569, "data": {"event": "CHECKPOINT", "epoch": 0, "inflight_total": 1}, "tag": "ATifF6fmjD2KhfLNTLNPlDqBDlxVf33+N7iBWKZgP1E="}
{"ts": 1760234773.8393102, "data": {"event": "CHECKPOINT", "epoch": 0, "inflight_total": 1}, "tag": "3P0EKKVkvvCSjmKWmV47t5CIvXCYcjHRhXtwU57iEJI="}
{"ts": 1760234773.862307, "data": {"event": "CHECKPOINT", "epoch": 0, "inflight_total": 1}, "tag": "gTL2zSeBeNi7uPZ3jt/RAHWbVvaUdDpCFB4Hy9BuDK8="}
{"ts": 1760234773.890232, "data": {"event": "CHECKPOINT", "epoch": 0, "inflight_total": 1}, "tag": "cXRku/icMxVnd+p81T8R7IBqDx+y0IYQWjAj6wFqb7A="}
{"ts": 1760234773.914329, "data": {"event": "CHECKPOINT", "epoch": 0, "inflight_total": 1}, "tag": "bL3F5ZlmeXX3AdQZI3lcGkBpuubt3zUEov7K9mWT7uk="}
{"ts": 1760234773.938263, "data": {"event": "CHECKPOINT", "epoch": 0, "inflight_total": 1}, "tag": "uBgLKd9w/357KRNay4p7qpkh3IWjkKZfLvM4whzk808="}
{"ts": 1760234773.961809, "data": {"event": "CHECKPOINT", "epoch": 0, "inflight_total": 1}, "tag": "UpDe1GjGU8DtQvfJuDIksBeqL08argfCJ7ciF4+ttik="}
{"ts": 1760234773.9853718, "data": {"event": "CHECKPOINT", "epoch": 0, "inflight_total": 1}, "tag": "HzQ2go0+UKy36fzNFNWBeA8vAmT+MbwzQnbz/htrojY="}
{"ts": 1760234774.009197, "data": {"event": "CHECKPOINT", "epoch": 0, "inflight_total": 1}, "tag": "QorupuL7r9MDAu9d0V4dPjPPZPlyQHjlT8YJBebDP+k="}
{"ts": 1760234774.0378602, "data": {"event": "CHECKPOINT", "epoch": 0, "inflight_total": 1}, "tag": "yH2nTHbpI3mo6cNx5VSnNas5ObfVyuVVOOfFnFCXP3s="}
{"ts": 1760234774.042496, "data": {"event": "CHECKPOINT", "epoch": 0, "inflight_total": 1}, "tag": "xAZL8dWw8RePKqSPl76UnHO9jOtSQoyjxtomYtLBqI0="}
{"ts": 1760260156.266389, "data": {"event": "AUDIT_CHAIN_RESYNC", "note": "verify-failed"}, "tag": "GkSVz2oVDPxc0FOp1tdTFtl6BnuOgtthTsWty10xzmw="}
{"ts": 1760260156.267982, "data": {"event": "RESTORE_OK", "epoch": 0, "inflight_total": 1}, "tag": "Dii6MKZOoygCW4V8AyQKnx16yrlbSixy3lm2KmRTF58="}
{"ts": 1760260156.2932842, "data": {"event": "CHECKPOINT", "epoch": 0, "inflight_total": 1}, "tag": "z37zQgcb35p9x7qe+3YcQra6akUb9K88Q1fT5HdKyDI="}
{"ts": 1760260156.319813, "data": {"event": "CHECKPOINT", "epoch": 0, "inflight_total": 1}, "tag": "Oi/UbZ+LzlCL1CNspr8tER+XLcdEbhvCkVVuDQm13kA="}
{"ts": 1760260156.346092, "data": {"event": "CHECKPOINT", "epoch": 0, "inflight_total": 1}, "tag": "TzfkBVWfH9tKBMKHb8UP+Pjj8AcmoobQW+h63rA+tVA="}
{"ts": 1760260156.372731, "data": {"event": "CHECKPOINT", "epoch": 0, "inflight_total": 1}, "tag": "J5oDWpbGfsOEbpBTnK/TL3iCZylrOuajBTCaCosYBHg="}
{"ts": 1760260156.399284, "data": {"event": "CHECKPOINT", "epoch": 0, "inflight_total": 1}, "tag": "07cqu2gYUSf/f7u+uI64E0Ba4mx1RDfomc5ycLn/G3o="}
{"ts": 1760260156.4251862, "data": {"event": "CHECKPOINT", "epoch": 0, "inflight_total": 1}, "tag": "rJ6/O/9NFsx+6FXy3+MOuhFp9dpvlRHokFm7MM0XDYM="}
{"ts": 1760260156.451097, "data": {"event": "CHECKPOINT", "epoch": 0, "inflight_total": 1}, "tag": "/yyAB7sV/70w/6GW5X/vd/zcoEDMt8l0riUTuIqx9H0="}
{"ts": 1760260156.477082, "data": {"event": "CHECKPOINT", "epoch": 0, "inflight_total": 1}, "tag": "bkMpIN938k/e1saOa6GfHr13n/pUjYlbAxSVsMuFjtc="}
{"ts": 1760260156.502956, "data": {"event": "CHECKPOINT", "epoch": 0, "inflight_total": 1}, "tag": "w95ov0hkgFqeDa1XIJET8t8/nh8uMUBY9w7dM42XGLU="}
{"ts": 1760260156.525792, "data": {"event": "CHECKPOINT", "epoch": 0, "inflight_total": 1}, "tag": "8z7Q6dCw9ETLaJhv+iTtaap4Ec9SEssLbZ6GrmzWSKw="}
{"ts": 1760260156.552415, "data": {"event": "CHECKPOINT", "epoch": 0, "inflight_total": 1}, "tag": "DzhQCP5nHVBNX4QjGWeqXk7fMsnxthpTLVrMuMy4TFM="}
{"ts": 1760260156.5791712, "data": {"event": "CHECKPOINT", "epoch": 0, "inflight_total": 1}, "tag": "YyKoi5dIBgcsPXwuITFOh542eUksVCRjj4ux0H6EWxs="}
{"ts": 1760260156.603754, "data": {"event": "CHECKPOINT", "epoch": 0, "inflight_total": 1}, "tag": "tJkMjCJ1eS8vLGRSneS/R6h9axFQFe5hjmal46+eWCw="}
{"ts": 1760260156.6284502, "data": {"event": "CHECKPOINT", "epoch": 0, "inflight_total": 1}, "tag": "jnnjgSyAzjnQOW31J/7Fj5MRctJnTbAoFinVkXSlzVM="}
{"ts": 1760260156.6539788, "data": {"event": "CHECKPOINT", "epoch": 0, "inflight_total": 1}, "tag": "IwMrleVOgAOR/QQdeTVeGUWH0ziT4fFJrwDsahsrbFg="}
{"ts": 1760260156.679013, "data": {"event": "CHECKPOINT", "epoch": 0, "inflight_total": 1}, "tag": "C+YK2QSvY+hVbZNZO7iUehzurzU0Nc2OKG4JMI5L/Qg="}
{"ts": 1760260156.704798, "data": {"event": "CHECKPOINT", "epoch": 0, "inflight_total": 1}, "tag": "okrr6XmQvgVKQ7bh6EAjCpCf4L1hewXWTsq9qwV/YjU="}
{"ts": 1760260156.731702, "data": {"event": "CHECKPOINT", "epoch": 0, "inflight_total": 1}, "tag": "kt8WP71ayTWOP3BsGTQK6oDko8bK/l9POgAxqeOdjLM="}
{"ts": 1760260156.75764, "data": {"event": "CHECKPOINT", "epoch": 0, "inflight_total": 1}, "tag": "fa6ildLG0SfF8ZXgE/Z2wRP4TVTvPPVYdQP2tnAlu/k="}
{"ts": 1760260156.7832909, "data": {"event": "CHECKPOINT", "epoch": 0, "inflight_total": 1}, "tag": "BZGrN2wPNQHgFYSv40d+Dcer6xLnz7WXRAhnQ9xUp0c="}
{"ts": 1760260156.8097038, "data": {"event": "CHECKPOINT", "epoch": 0, "inflight_total": 1}, "tag": "disbeF1uyUV1R6RmIkYFfTk+elrSF9PAOPfkP+PcBpI="}
{"ts": 1760260156.835094, "data": {"event": "CHECKPOINT", "epoch": 0, "inflight_total": 1}, "tag": "ibv7uVDmcEgZryN0KoFX6E3BS/PBRtum9+iviYvYOSw="}
{"ts": 1760260156.861004, "data": {"event": "CHECKPOINT", "epoch": 0, "inflight_total": 1}, "tag": "GSAnD+UsyMvkrEVuPAXrqy5HdFC8KV5a39qKleI3SKU="}
{"ts": 1760260156.885867, "data": {"event": "CHECKPOINT", "epoch": 0, "inflight_total": 1}, "tag": "IoCdnwfhJpqDWC6gG2IaPm9010NYNaOE8CH1DKaWJG4="}
{"ts": 1760260156.911618, "data": {"event": "CHECKPOINT", "epoch": 0, "inflight_total": 1}, "tag": "xUXEpzC3hhG6W6I2B2PH7fakEgX8zlOoGpq4ITNzG8o="}
{"ts": 1760260156.937761, "data": {"event": "CHECKPOINT", "epoch": 0, "inflight_total": 1}, "tag": "2M5LjFvFadJY2L5Y98xoimLXK6hD13/FiIkB7er376s="}
{"ts": 1760260156.961447, "data": {"event": "CHECKPOINT", "epoch": 0, "inflight_total": 1}, "tag": "QiF8Kz4mi3mSJyyom6tHlhH3TRI+4H8pU23j99IH8FY="}
{"ts": 1760260156.985742, "data": {"event": "CHECKPOINT", "epoch": 0, "inflight_total": 1}, "tag": "7ccT7+eTa+MBa4L+w/29DICEagr7JHeOKicPVFgO6OA="}
{"ts": 1760260157.012071, "data": {"event": "CHECKPOINT", "epoch": 0, "inflight_total": 1}, "tag": "l5dmp2Xq3r0m2QqepztPZv6pr2vYAkPkMDidHf0r/W8="}
{"ts": 1760260157.034844, "data": {"event": "CHECKPOINT", "epoch": 0, "inflight_total": 1}, "tag": "ERk/YSAydmuogwNR1tVYSXYoWFIkBRT6S1MFSWGRdB0="}
{"ts": 1760260157.056587, "data": {"event": "CHECKPOINT", "epoch": 0, "inflight_total": 1}, "tag": "3KWSTuUzXgAVv7u01xD/+xhnIxxY3h7rAyNDAWUDbGc="}
{"ts": 1760260157.0789042, "data": {"event": "CHECKPOINT", "epoch": 0, "inflight_total": 1}, "tag": "Ds3/b50YUEMxbWLRkOaWmtVsjhegwPFIAkdpZl1ak7A="}
{"ts": 1760260157.0995562, "data": {"event": "CHECKPOINT", "epoch": 0, "inflight_total": 1}, "tag": "X874lKxAMNFHXDx2uMn4dbCqLU5G+jh1fd4PzDRz5+4="}
{"ts": 1760260157.1212401, "data": {"event": "CHECKPOINT", "epoch": 0, "inflight_total": 1}, "tag": "wMy2VAzOQ6xa8jxP0aB+0lL3riA9nsiV5tsDFMvOHFQ="}
{"ts": 1760260157.144116, "data": {"event": "CHECKPOINT", "epoch": 0, "inflight_total": 1}, "tag": "+yBBX1tmCxFaKN7pM/ShLkd/+hujmmymk5qL5xLaIJ8="}
{"ts": 1760260157.166731, "data": {"event": "CHECKPOINT", "epoch": 0, "inflight_total": 1}, "tag": "KefyePPhwKB/w9wgZIa73u7JLa3sw+F4BEiqO/2ohqY="}
{"ts": 1760260157.191596, "data": {"event": "CHECKPOINT", "epoch": 0, "inflight_total": 1}, "tag": "uPfRZaqX5PVYz1bBvqwyqjDtnu3eeGfG/WMq4Qu8r1k="}
{"ts": 1760260157.217172, "data": {"event": "CHECKPOINT", "epoch": 0, "inflight_total": 1}, "tag": "6Sx6E+eKzuzrd7oGuX4/7N6uMkubtLchj7+GWnYTMo8="}
{"ts": 1760260157.242462, "data": {"event": "CHECKPOINT", "epoch": 0, "inflight_total": 1}, "tag": "97jD67TYaqVrKrJdGSgE7sVCvXG0bmG5GTUDDJOESls="}
{"ts": 1760260157.267692, "data": {"event": "CHECKPOINT", "epoch": 0, "inflight_total": 1}, "tag": "bIKULVdAkbL2joV5gK/x/QFSbaaMosvPdV7ycVftn3Q="}
{"ts": 1760260157.29216, "data": {"event": "CHECKPOINT", "epoch": 0, "inflight_total": 1}, "tag": "BXErgK/BGMfylgOPMdToYDWApw7GZ1s+0ZvEgBwjaeA="}
{"ts": 1760260157.3185658, "data": {"event": "CHECKPOINT", "epoch": 0, "inflight_total": 1}, "tag": "NeX2mbixNPS658nkVGKGiqphkE9Ou7ARp5Tzx9UQVPY="}
{"ts": 1760260157.342437, "data": {"event": "CHECKPOINT", "epoch": 0, "inflight_total": 1}, "tag": "MqlEYC5cr7IhEevJdkNs9M0JWAJoGC8ME3rqiI1ii6Q="}
{"ts": 1760260157.3658571, "data": {"event": "CHECKPOINT", "epoch": 0, "inflight_total": 1}, "tag": "dqbIdlWq3OPh1ahXVcYEaGN8EZ8dlD5D117UIlTmOuY="}
{"ts": 1760260157.3925629, "data": {"event": "CHECKPOINT", "epoch": 0, "inflight_total": 1}, "tag": "/OUY2K4KONvxtFF+seMxtrESfQfy3unD5qteCA+YrJQ="}
{"ts": 1760260157.417603, "data": {"event": "CHECKPOINT", "epoch": 0, "inflight_total": 1}, "tag": "9HmH7islW272FRWabrXueYbglqjFyi1SrUZxZ9NITK4="}
{"ts": 1760260157.443709, "data": {"event": "CHECKPOINT", "epoch": 0, "inflight_total": 1}, "tag": "dXikzsCS48PdHbQr9QYXnA1D6k+cAUP1qQ2yWXBBjEg="}
{"ts": 1760260157.469051, "data": {"event": "CHECKPOINT", "epoch": 0, "inflight_total": 1}, "tag": "d0KN9VNVFTL2nP88eGk948J9CcFAwhGRUnW741E5Was="}
{"ts": 1760260157.494397, "data": {"event": "CHECKPOINT", "epoch": 0, "inflight_total": 1}, "tag": "Bnr4SbROtlppKofLkOtER8t4GTkf/F7BOHK70np1FJA="}
{"ts": 1760260157.520232, "data": {"event": "CHECKPOINT", "epoch": 0, "inflight_total": 1}, "tag": "dczkU3GnBeTGHKNDv3U7SOD7ZYlRGtA3t9jNdnyWYts="}
{"ts": 1760260157.546087, "data": {"event": "CHECKPOINT", "epoch": 0, "inflight_total": 1}, "tag": "M21XV3/U/MBUZbLG1l77rVy5u1TpwkK4GEEW5CM/CZY="}
{"ts": 1760260157.571237, "data": {"event": "CHECKPOINT", "epoch": 0, "inflight_total": 1}, "tag": "eEgM6xDE9cckD4DURRQMo2FQnrmv01rzFssODUAyRg0="}
{"ts": 1760260157.596319, "data": {"event": "CHECKPOINT", "epoch": 0, "inflight_total": 1}, "tag": "HGi/ua7qLF6r3Pn8IpZ9bYWtyJmY/yMz7tOXh3TAdrA="}
{"ts": 1760260157.621923, "data": {"event": "CHECKPOINT", "epoch": 0, "inflight_total": 1}, "tag": "ujIiohgu5e7YetdTu4saMbEQCmYgsTicNjubSf9jjMg="}
{"ts": 1760260157.6473799, "data": {"event": "CHECKPOINT", "epoch": 0, "inflight_total": 1}, "tag": "mdwJhfar8HYFPl3LjjvYfSSO/CCT8GYWPGPGU5UGL7M="}
{"ts": 1760260157.6740081, "data": {"event": "CHECKPOINT", "epoch": 0, "inflight_total": 1}, "tag": "LH9eYVgh5MOFJ2A3bK+NIWfIUtWY094/uuwSiHFa4oo="}
{"ts": 1760260157.7002938, "data": {"event": "CHECKPOINT", "epoch": 0, "inflight_total": 1}, "tag": "p4RlNyHcS1MZjAHpQh/N5RMi2S4owlsagieHBUKRhI8="}
{"ts": 1760260157.726208, "data": {"event": "CHECKPOINT", "epoch": 0, "inflight_total": 1}, "tag": "A8aGGobKYIZmXhjlim53sFtTwk4m7H3rO0z7ktK1sWg="}
{"ts": 1760260157.750561, "data": {"event": "CHECKPOINT", "epoch": 0, "inflight_total": 1}, "tag": "KntGQs1RW/GiOKhN+RgT2gYdN87EW9ykgb0923dZXm4="}
{"ts": 1760260157.775851, "data": {"event": "CHECKPOINT", "epoch": 0, "inflight_total": 1}, "tag": "tpayhnkDgPMyayM0Ii0p8UIKgZvDSzPl69Jn/4lT5HY="}
{"ts": 1760260157.8010519, "data": {"event": "CHECKPOINT", "epoch": 0, "inflight_total": 1}, "tag": "S0IJq/89e1F8PQyE9+PMnwQGKFOKLNLe01xIQSpRoSc="}
{"ts": 1760260157.827036, "data": {"event": "CHECKPOINT", "epoch": 0, "inflight_total": 1}, "tag": "SFgMQGZMXzRzoyA/5IigF3E0HW4ZvP0zqXBAmdfmrcE="}
{"ts": 1760260157.852663, "data": {"event": "CHECKPOINT", "epoch": 0, "inflight_total": 1}, "tag": "k/PkSbnhFqOPDJbyre9yvscBPcY4iBIIJoJD06OtyHk="}
{"ts": 1760260157.877897, "data": {"event": "CHECKPOINT", "epoch": 0, "inflight_total": 1}, "tag": "NwchaljPhCDAWjciZU80/1snO2R8Y11JIf8hlAS6NUo="}
{"ts": 1760260157.903431, "data": {"event": "CHECKPOINT", "epoch": 0, "inflight_total": 1}, "tag": "mxyQoGNIBkXZuvd8SRIQPOxC+Ce/x1eKQJ9drZR/m94="}
{"ts": 1760260157.9291048, "data": {"event": "CHECKPOINT", "epoch": 0, "inflight_total": 1}, "tag": "fyEY77uNRDXTOV0dcLSXY2/BIGJQXM0zw9ViS6lmZtI="}
{"ts": 1760260157.955801, "data": {"event": "CHECKPOINT", "epoch": 0, "inflight_total": 1}, "tag": "P+8brqCGbdLqq9jHj1c9cWkJGy++yop5dvYByjndahI="}
{"ts": 1760260157.9817312, "data": {"event": "CHECKPOINT", "epoch": 0, "inflight_total": 1}, "tag": "cgw+4KMA+YPSQCJ3/G3SIiHLJzeWChdXsaLNqXE8MhE="}
{"ts": 1760260158.007626, "data": {"event": "CHECKPOINT", "epoch": 0, "inflight_total": 1}, "tag": "vZDMFfz8RWnpTFcLrlyP6BsAnQT8kga3uJLxbMb6E1A="}
{"ts": 1760260158.03279, "data": {"event": "CHECKPOINT", "epoch": 0, "inflight_total": 1}, "tag": "OqZT2wsixivcdkya1+5iYSGs+TRoD6oNYLCyWmGAORA="}
{"ts": 1760260158.0574138, "data": {"event": "CHECKPOINT", "epoch": 0, "inflight_total": 1}, "tag": "tYg8dlguf+yqm2mqsIrz3J2i49d3/+pXqIdOTFcQFfA="}
{"ts": 1760260158.081259, "data": {"event": "CHECKPOINT", "epoch": 0, "inflight_total": 1}, "tag": "3rV41vzAPOtSjocSbbOd2ORcIdqOY6KtrbZkx1LgMH8="}
{"ts": 1760260158.1038651, "data": {"event": "CHECKPOINT", "epoch": 0, "inflight_total": 1}, "tag": "TVcQHwfGnLwHp/eVBDGAlV6kYQYRCp1xx/Kwx8x8QJ0="}
{"ts": 1760260158.128319, "data": {"event": "CHECKPOINT", "epoch": 0, "inflight_total": 1}, "tag": "76W0+3/RcY2YAhhiz1GObdS/uzGfZYit9AVmv1BhpaY="}
{"ts": 1760260158.152101, "data": {"event": "CHECKPOINT", "epoch": 0, "inflight_total": 1}, "tag": "o7eKvpSawsZ1VbVxe79QHVU2Uc43UK2O6JBelUY0+24="}
{"ts": 1760260158.178438, "data": {"event": "CHECKPOINT", "epoch": 0, "inflight_total": 1}, "tag": "Io5zdhGqqR0Q9bxDiIYzzo0zbb07o2s07Yrnxu6HdhY="}
{"ts": 1760260158.204585, "data": {"event": "CHECKPOINT", "epoch": 0, "inflight_total": 1}, "tag": "X9Os4O5DSARg/2irQTO4AvrJ6bK1rQGh618s/QxTyf0="}
{"ts": 1760260158.2302568, "data": {"event": "CHECKPOINT", "epoch": 0, "inflight_total": 1}, "tag": "l1HCraiUIFzTetmysqhJktVFakC/31nbwK3KL72J07s="}
{"ts": 1760260158.256093, "data": {"event": "CHECKPOINT", "epoch": 0, "inflight_total": 1}, "tag": "rHMg584/1uSJRmeBySn2cEQgBLl/ibuxGfLuy0q7wEw="}
{"ts": 1760260158.27409, "data": {"event": "CHECKPOINT", "epoch": 0, "inflight_total": 1}, "tag": "x/CcIclAUXZewoFEzw5LdJXxY7EnMUOMOYUTAeXq4u0="}
{"ts": 1760260158.503219, "data": {"event": "ROTATE_DATA_DEK", "at": 1760260158.503149}, "tag": "jOXVNQOrebySc2+OwReBWo6Fhjr67zFb9cRqpf9eooY="}
{"ts": 1760260158.5033631, "data": {"event": "SEND", "sid": "A", "epoch": 0, "seq": 4, "to": ["B", "C"]}, "tag": "M+IRfJDPY8zh54JZX8kyCzEZqsa+/s6I7nZUfUayifw="}
{"ts": 1760260158.503554, "data": {"event": "SEND", "sid": "B", "epoch": 0, "seq": 4, "to": ["A", "C"]}, "tag": "Fo2Up4KKBd9v59ImuqOa+0TxPqHdzVSkVK6S6AZr57A="}
{"ts": 1760260158.5039308, "data": {"event": "SEND", "sid": "C", "epoch": 0, "seq": 4, "to": ["A", "B"]}, "tag": "QwGBzOGW7wzyOKB4CSoq79NYNTRsQRHhdJPKTNBsKxc="}
{"ts": 1760260158.529917, "data": {"event": "CHECKPOINT", "epoch": 0, "inflight_total": 4}, "tag": "tUfg6BiGUHcmBOUwoWKYUsIfKIpuLFY29azFgjaK5sU="}
{"ts": 1760260158.5302458, "data": {"event": "DELIVERED", "sid": "C", "epoch": 0, "seq": 4}, "tag": "PNMWI1O+2W5lKrMRJVkthtqTv17Xu7bcdTDPy0cnie4="}
{"ts": 1760260158.556015, "data": {"event": "CHECKPOINT", "epoch": 0, "inflight_total": 3}, "tag": "+VJIWQf32V+NP3roqFlUbclUWkpJijduqMl+iJM2jgM="}
{"ts": 1760260158.583134, "data": {"event": "CHECKPOINT", "epoch": 0, "inflight_total": 3}, "tag": "zcH/O0S0v4HXqpI6c7Gf7lyvDfqr/gtfrNU4bOn/h9E="}
{"ts": 1760260158.611605, "data": {"event": "CHECKPOINT", "epoch": 0, "inflight_total": 3}, "tag": "IjdpcOykqIF07Nn5kdPSea7GcpPtFHidB5t9ongeREQ="}
{"ts": 1760260158.63863, "data": {"event": "CHECKPOINT", "epoch": 0, "inflight_total": 3}, "tag": "Xa9GgJ5bGLv2k4E8a/BJ6QZ/HqYUYLIVLxopbHKbutg="}
{"ts": 1760260158.665499, "data": {"event": "CHECKPOINT", "epoch": 0, "inflight_total": 3}, "tag": "5zHVQ1NM9V8VrW7Lx6wXQYJfixMQ1AnEKjatT6cAmqA="}
{"ts": 1760260158.692203, "data": {"event": "CHECKPOINT", "epoch": 0, "inflight_total": 3}, "tag": "ohTLGQTTCE61acGJJ7BQ/GFHHtvJE/Vpo9JotD0u1iY="}
{"ts": 1760260158.719208, "data": {"event": "CHECKPOINT", "epoch": 0, "inflight_total": 3}, "tag": "MXiSg0e1vGNM0VdJIRBLZ/LWdB33h9lsNKzzTdkXoHA="}
{"ts": 1760260158.745883, "data": {"event": "CHECKPOINT", "epoch": 0, "inflight_total": 3}, "tag": "hy8Od9Gw2fi4xjl4buS6K8uyNcV0s4Wu2O3E14xcD7E="}
{"ts": 1760260158.772675, "data": {"event": "CHECKPOINT", "epoch": 0, "inflight_total": 3}, "tag": "XOj6Z3W/IDghy/MlcFmPfVw+wGAxspNm3ArjUJUJhQw="}
{"ts": 1760260158.77719, "data": {"event": "DELIVERED", "sid": "B", "epoch": 0, "seq": 4}, "tag": "VtDGbHJn/zasPbDVkoN5bJ6Rp16UwDPRkE2oPp3Pkr4="}
{"ts": 1760260158.777725, "data": {"event": "DELIVERED", "sid": "A", "epoch": 0, "seq": 4}, "tag": "FKD7phUDYQOtj9dmTJ/kRAbwNCq4vzavf4a1m4cw9BE="}
{"ts": 1760260158.797972, "data": {"event": "CHECKPOINT", "epoch": 0, "inflight_total": 1}, "tag": "RuHrROp1eeZPgeS7utNLPTdWoxZMbM7BJDgmzbnPjdE="}
{"ts": 1760260158.823334, "data": {"event": "CHECKPOINT", "epoch": 0, "inflight_total": 1}, "tag": "L5huKklfrr1MHXbjnfGsM/AASatG8Mm8MIgk2PoIr0c="}
{"ts": 1760260158.84865, "data": {"event": "CHECKPOINT", "epoch": 0, "inflight_total": 1}, "tag": "3JN/3wtJa/XMgC++1GoS0XicmqkGDB6sQk3fdLjnf/8="}
{"ts": 1760260158.873298, "data": {"event": "CHECKPOINT", "epoch": 0, "inflight_total": 1}, "tag": "jp9lRb8zu2xtwwborbm2/knWab0B9jJu2yiRd+ATmE4="}
{"ts": 1760260158.898596, "data": {"event": "CHECKPOINT", "epoch": 0, "inflight_total": 1}, "tag": "EDEnTYliutAjKsng+WCIJB83rae7qAysUISU3qCYGL0="}
{"ts": 1760260158.923681, "data": {"event": "CHECKPOINT", "epoch": 0, "inflight_total": 1}, "tag": "6pF9ujtYVfeeC45lSXCmSfKY1QHnrJ6XzDaVmB5oi+U="}
{"ts": 1760260158.950162, "data": {"event": "CHECKPOINT", "epoch": 0, "inflight_total": 1}, "tag": "xbamGXsSvkLpKCvLzAnFl4Mr/NTZauJbKhCoDMbgz7I="}
{"ts": 1760260158.976802, "data": {"event": "CHECKPOINT", "epoch": 0, "inflight_total": 1}, "tag": "s3ivOxH2ThHc1bP2APhnAnJOSMRYHBnDOD7YOt7GiNQ="}
{"ts": 1760260159.003443, "data": {"event": "CHECKPOINT", "epoch": 0, "inflight_total": 1}, "tag": "86lmCRNWSW6sVkbo5m/MPDVgB/GiWbQ6aY5s31BiJrw="}
{"ts": 1760260159.028241, "data": {"event": "CHECKPOINT", "epoch": 0, "inflight_total": 1}, "tag": "XVUukCpJ2c9ZAYSmQ5q0eOj1M0y1zFzd11QmwFG7ITU="}
{"ts": 1760260159.053994, "data": {"event": "CHECKPOINT", "epoch": 0, "inflight_total": 1}, "tag": "mOuQOXs0JyFefIRkpMGx30F/L6tWFJZFA3O669eEKa4="}
{"ts": 1760260159.080481, "data": {"event": "CHECKPOINT", "epoch": 0, "inflight_total": 1}, "tag": "Dq/KsPzHdmbYCOSY0z3QSe+JeFqFjKAACgGeEGtOaxs="}
{"ts": 1760260159.1061718, "data": {"event": "CHECKPOINT", "epoch": 0, "inflight_total": 1}, "tag": "o9J4e94LePA29EDblSy9tNt5cXi3I26LcOswlmeLjtA="}
{"ts": 1760260159.1321442, "data": {"event": "CHECKPOINT", "epoch": 0, "inflight_total": 1}, "tag": "NdCssW8CHBwzrHxR6/erhw7dj1mX5LNHIroCu+a/glw="}
{"ts": 1760260159.1571279, "data": {"event": "CHECKPOINT", "epoch": 0, "inflight_total": 1}, "tag": "wQ+LhuuMezemYFE8hCmFPGXAcWThG1uGdeq/ZOnky1k="}
{"ts": 1760260159.182397, "data": {"event": "CHECKPOINT", "epoch": 0, "inflight_total": 1}, "tag": "/YGhzxCB6PTPmxHgFI1arGHE3cv+Nxysm9+4n/4QyMk="}
{"ts": 1760260159.209857, "data": {"event": "CHECKPOINT", "epoch": 0, "inflight_total": 1}, "tag": "GkSPKxO3g+l56v0DlTRp0crb+Tt0ywzK12iuhfG9qFo="}
{"ts": 1760260159.2363641, "data": {"event": "CHECKPOINT", "epoch": 0, "inflight_total": 1}, "tag": "OgMoLjQ4LRJ0+iYcyupS+Du1i2PUunOulaTSgFaZRwo="}
{"ts": 1760260159.261436, "data": {"event": "CHECKPOINT", "epoch": 0, "inflight_total": 1}, "tag": "SjUYsrAAoOrB3icVVzOpgvDxroIP2g5843riT5EWXwo="}
{"ts": 1760260159.285551, "data": {"event": "CHECKPOINT", "epoch": 0, "inflight_total": 1}, "tag": "1Bte/wW3U32eSsi/sSnhqllDtQUYaeleS4YC/aoi09Q="}
{"ts": 1760260159.312149, "data": {"event": "CHECKPOINT", "epoch": 0, "inflight_total": 1}, "tag": "ysy8MwrhKsDI4YH+7EisDB9eJjfdATTRPkkCkaMisyg="}
{"ts": 1760260159.3373241, "data": {"event": "CHECKPOINT", "epoch": 0, "inflight_total": 1}, "tag": "KTxMcZO3nKY17mrByNHg/Xp8Zb9OjvbBlEe42hPuCv8="}
{"ts": 1760260159.362027, "data": {"event": "CHECKPOINT", "epoch": 0, "inflight_total": 1}, "tag": "/WfqclAe0v0eoYFZL//IsMVdG0WhDHpn+rcICS3SRG8="}
{"ts": 1760260159.388041, "data": {"event": "CHECKPOINT", "epoch": 0, "inflight_total": 1}, "tag": "+Ioy1G0velqOO/eFxukcLZ0MiZ534tG/QaQwh0yg0eg="}
{"ts": 1760260159.413706, "data": {"event": "CHECKPOINT", "epoch": 0, "inflight_total": 1}, "tag": "TctoF0FtOOdNdUpB/vJO/zswTLF0bG/j1D7uf6vl5rY="}
{"ts": 1760260159.439647, "data": {"event": "CHECKPOINT", "epoch": 0, "inflight_total": 1}, "tag": "lyfMrAn2EPAnmvXk2otCQ4z4BAKOp3GCtGgXw+WgjW0="}
{"ts": 1760260159.465966, "data": {"event": "CHECKPOINT", "epoch": 0, "inflight_total": 1}, "tag": "QL/TIS5HZhB85GATZCea6WzrTexgJgpM1m8ZwwIqEQw="}
{"ts": 1760260159.49223, "data": {"event": "CHECKPOINT", "epoch": 0, "inflight_total": 1}, "tag": "l/1VFVBSz5Aan1xuzUeqP3ntIwLtP4x/twJJNI7TUaM="}
{"ts": 1760260159.517271, "data": {"event": "CHECKPOINT", "epoch": 0, "inflight_total": 1}, "tag": "99hC6aKD5vg/8oEfC09FQaMLR9LsWWZH9hBQr0j4gGo="}
{"ts": 1760260159.5425138, "data": {"event": "CHECKPOINT", "epoch": 0, "inflight_total": 1}, "tag": "LWWB8rQyVk3YbXDQ8KW35V2EjFwDSUWxOPrjKEkQeE4="}
{"ts": 1760260159.5676851, "data": {"event": "CHECKPOINT", "epoch": 0, "inflight_total": 1}, "tag": "ovzjCuj1iTeJzybJYSKfTjR9yBY9kDZlK37HX2zfWgU="}
{"ts": 1760260159.59327, "data": {"event": "CHECKPOINT", "epoch": 0, "inflight_total": 1}, "tag": "Ghs3I2PARqDT8km1kCASjr7j/doRnUz5U/hAkWd8iwI="}
{"ts": 1760260159.61855, "data": {"event": "CHECKPOINT", "epoch": 0, "inflight_total": 1}, "tag": "yXjw7itEnd4xgzg9vmyXJkVM2bqpBiB4lAXYi3NUHv8="}
{"ts": 1760260159.643838, "data": {"event": "CHECKPOINT", "epoch": 0, "inflight_total": 1}, "tag": "IorsE8gW7Sq/mwcZg9f8V7Agm3OkyP32H22tn5M5G1E="}
{"ts": 1760260159.668354, "data": {"event": "CHECKPOINT", "epoch": 0, "inflight_total": 1}, "tag": "MmQ+jOSdTbd+L0OnghOiMTOk8qcBUm8vP2JbRSTZaeo="}
{"ts": 1760260159.6941571, "data": {"event": "CHECKPOINT", "epoch": 0, "inflight_total": 1}, "tag": "pZIGEccG2oBEofwJvYK9q3MD8rGGuSyUsqleP3c9lrU="}
{"ts": 1760260159.720028, "data": {"event": "CHECKPOINT", "epoch": 0, "inflight_total": 1}, "tag": "n+b7lzJ2kH7iUuKWH4RhHxGKLwI5yX16M/fy9hCI+vs="}
{"ts": 1760260159.74552, "data": {"event": "CHECKPOINT", "epoch": 0, "inflight_total": 1}, "tag": "Xd6QCrCxu6YhtTKpOSxQUvhPt6/zJ2mgSUBa1401GJQ="}
{"ts": 1760260159.771379, "data": {"event": "CHECKPOINT", "epoch": 0, "inflight_total": 1}, "tag": "NDacqwAuHn629jbhknIiQnAt5ZuUlmsL9a6+9+//5pI="}
{"ts": 1760260159.797485, "data": {"event": "CHECKPOINT", "epoch": 0, "inflight_total": 1}, "tag": "j5mpj17Qp9bG5/UWa+/5o5uGfPxRXnwP3CQffKw6xnA="}
{"ts": 1760260159.823564, "data": {"event": "CHECKPOINT", "epoch": 0, "inflight_total": 1}, "tag": "4JtLcmLI3HNDOCZmYwF6ffDZDinO82FGDWj3j4vSvlk="}
{"ts": 1760260159.849931, "data": {"event": "CHECKPOINT", "epoch": 0, "inflight_total": 1}, "tag": "ro12I61P1KsbIERdXPP5mkcLa5br7KSsvj/VPSin3Qg="}
{"ts": 1760260159.876553, "data": {"event": "CHECKPOINT", "epoch": 0, "inflight_total": 1}, "tag": "GZevSY3OMexu3EFlArXXTOaNqlCd/ppH0AAHGpOGlp4="}
{"ts": 1760260159.9025311, "data": {"event": "CHECKPOINT", "epoch": 0, "inflight_total": 1}, "tag": "VFWr+i8CYydFk1hrX+hj+aRfM4qTaUhCDKURWmkhgQ0="}
{"ts": 1760260159.928132, "data": {"event": "CHECKPOINT", "epoch": 0, "inflight_total": 1}, "tag": "iZJ6qKEHKn/a7YqkUq1up15f7H/wcjvgk7MfRt9EpFg="}
{"ts": 1760260159.954741, "data": {"event": "CHECKPOINT", "epoch": 0, "inflight_total": 1}, "tag": "hBeDWZQgiqCJtcWJYPSuvmtgA+yQj8mPTnTD1Jz2CFw="}
{"ts": 1760260159.980271, "data": {"event": "CHECKPOINT", "epoch": 0, "inflight_total": 1}, "tag": "+zSr7rKegHooJ2hAvO64qDY0gAfzwXbNKhJ6Iq9Oqeg="}
{"ts": 1760260160.006161, "data": {"event": "CHECKPOINT", "epoch": 0, "inflight_total": 1}, "tag": "z8ijT5vJAemQulxCt+kjnDUWOzAwa1SUWU/8zCT88yk="}
{"ts": 1760260160.031748, "data": {"event": "CHECKPOINT", "epoch": 0, "inflight_total": 1}, "tag": "C+aLfEfU3Ox9lTDrURWAjZlNgwK2XTSIXj75ToK2/vQ="}
{"ts": 1760260160.05694, "data": {"event": "CHECKPOINT", "epoch": 0, "inflight_total": 1}, "tag": "9R+mLs0h8D4y2kHcuP1RouWLt+ajsUqJVqXCNe5ahC4="}
{"ts": 1760260160.082262, "data": {"event": "CHECKPOINT", "epoch": 0, "inflight_total": 1}, "tag": "wWDaOLg3MMYd9sLA72rFy45bDigJU/TyxWpZuMAsvAI="}
{"ts": 1760260160.10817, "data": {"event": "CHECKPOINT", "epoch": 0, "inflight_total": 1}, "tag": "S0heKWLQUIMjKUV/WyWsMyBw9NUQpS2gVC1w9ipkkPE="}
{"ts": 1760260160.134124, "data": {"event": "CHECKPOINT", "epoch": 0, "inflight_total": 1}, "tag": "x7VwdXKWcxerPu3jMuUixgP9HWrRo4xUF+02l8FH6MU="}
{"ts": 1760260160.1592, "data": {"event": "CHECKPOINT", "epoch": 0, "inflight_total": 1}, "tag": "6v1//X00fOquQtpEgxzNHah7DysV7zMXVI9rhXNCJs0="}
{"ts": 1760260160.185001, "data": {"event": "CHECKPOINT", "epoch": 0, "inflight_total": 1}, "tag": "/kClQcNvqncAcN4qLcNvQ4fkLr93miuJOQLbuNJXE7k="}
{"ts": 1760260160.2108958, "data": {"event": "CHECKPOINT", "epoch": 0, "inflight_total": 1}, "tag": "oDVikWNS5zVt7ES5hKu9JDswFImmzqyyKnwHjBrzhvA="}
{"ts": 1760260160.236705, "data": {"event": "CHECKPOINT", "epoch": 0, "inflight_total": 1}, "tag": "kI+0bN1ikeTZYL8ggfJ2PffD2v/kbDjbnYuPOLzYr7s="}
{"ts": 1760260160.262698, "data": {"event": "CHECKPOINT", "epoch": 0, "inflight_total": 1}, "tag": "mI8goqbJeoSwQx5klBXUhDevbKn1ORrJh6+HB3LVn0U="}
{"ts": 1760260160.287283, "data": {"event": "CHECKPOINT", "epoch": 0, "inflight_total": 1}, "tag": "NvWa1p3vTjdVJ36OTzc3A4trPQPsL8N/GkYjxVS9APk="}
{"ts": 1760260160.313208, "data": {"event": "CHECKPOINT", "epoch": 0, "inflight_total": 1}, "tag": "Bqov5M7glpo09dYjJjlvBMmt1eEUQnY6mH9CDS08DHc="}
{"ts": 1760260160.3398669, "data": {"event": "CHECKPOINT", "epoch": 0, "inflight_total": 1}, "tag": "lZaPsifJH5g5kncLY6cm6X/WVLbA8Y/nelDF+njidAI="}
{"ts": 1760260160.365812, "data": {"event": "CHECKPOINT", "epoch": 0, "inflight_total": 1}, "tag": "i/EiJWWvCCupG4Y0HovdsbWUJxJLN/UObrl73wtqMuY="}
{"ts": 1760260160.391903, "data": {"event": "CHECKPOINT", "epoch": 0, "inflight_total": 1}, "tag": "yuEbTwT0wa2iJha2TypBUrtaI3uHBjrvYcHJc1cRPXY="}
{"ts": 1760260160.4176729, "data": {"event": "CHECKPOINT", "epoch": 0, "inflight_total": 1}, "tag": "OLdcrIzVJxlyAh/d3ev3yuLEiPnd5qX69ollURN6fFc="}
{"ts": 1760260160.443938, "data": {"event": "CHECKPOINT", "epoch": 0, "inflight_total": 1}, "tag": "rO6RyAPLRK+7pzYC1ccWXLCUeVNOdVxRchEqj0leUMo="}
{"ts": 1760260160.469418, "data": {"event": "CHECKPOINT", "epoch": 0, "inflight_total": 1}, "tag": "vpOfAn2WZW50qlBAwJndJOJS9HGUgyuP//vUiO0v6Zg="}
{"ts": 1760260160.495239, "data": {"event": "CHECKPOINT", "epoch": 0, "inflight_total": 1}, "tag": "l0+m5qvU1zPUrVhejUjOaklKpfj8hxThAhysuy875pY="}
{"ts": 1760260160.509135, "data": {"event": "CHECKPOINT", "epoch": 0, "inflight_total": 1}, "tag": "bqS9FhhrMnKXv9XYltM5K7MZecrGBIFiP/1rGXjdUcg="}
{"ts": 1760742478.806222, "data": {"event": "POLICY_LOAD", "policy": {"ROTATE_DATA_DEK": {"role": "Custodian", "quorum": 2}, "ROTATE_AUDIT_DEK": {"role": "Owner", "quorum": 2}, "CHANGE_THRESHOLD": {"role": "Owner", "quorum": 2}, "EXPORT_MK": {"role": "Owner", "quorum": 2}, "ADD_MEMBER": {"role": "Owner", "quorum": 2}, "REMOVE_MEMBER": {"role": "Owner", "quorum": 2}}, "roster": [{"id": "Alice", "role": "Owner"}, {"id": "Bob", "role": "Owner"}, {"id": "Carol", "role": "Custodian"}, {"id": "Dan", "role": "Custodian"}, {"id": "Eve", "role": "Auditor"}]}, "tag": "O58g5f2BapyhmGya8esi9YdNR+5sjMUrmfiU2gMdHYo="}
{"ts": 1760742478.8085241, "data": {"event": "APPROVAL_VERIFY", "action": "ROTATE_DATA_DEK", "ok": true, "msg": "OK", "signers": ["Carol", "Dan"]}, "tag": "gyVNRct1cSqDIsKECkkb0fJJeZ4e7xO4jJFCbfFd2Y4="}
{"ts": 1760742478.808636, "data": {"event": "ACTION_EXECUTE", "action": "ROTATE_DATA_DEK", "params": {"reason": "routine-rotation"}}, "tag": "L5uNa6A/IQCzeSEfm7D/V0iU7sWIwzzaV4yiIa4w5uM="}
{"ts": 1760742478.809551, "data": {"event": "APPROVAL_VERIFY", "action": "CHANGE_THRESHOLD", "ok": false, "msg": ": 2 Owner)", "signers": ["Alice"]}, "tag": "MFEm7HKzoA6Q/HNUm40cBPwahVYvbz0s22Oa1/GeZjw="}
{"ts": 1760742478.810723, "data": {"event": "APPROVAL_VERIFY", "action": "CHANGE_THRESHOLD", "ok": true, "msg": "OK", "signers": ["Alice", "Bob"]}, "tag": "r0I4Yj6ZdMVm975rq41p1/If9bkQ6NE8a/Fs7z64Y40="}
{"ts": 1760742478.8108249, "data": {"event": "ACTION_EXECUTE", "action": "CHANGE_THRESHOLD", "params": {"n": 6, "k": 3}}, "tag": "xOvqEKWaERDzCJgZ0aCy64COedTaCG8UG/LMVqmv5Bg="}
{"ts": 1760743263.81506, "data": {"event": "POLICY_LOAD", "policy": {"ROTATE_DATA_DEK": {"role": "Custodian", "quorum": 2}, "ROTATE_AUDIT_DEK": {"role": "Owner", "quorum": 2}, "CHANGE_THRESHOLD": {"role": "Owner", "quorum": 2}, "EXPORT_MK": {"role": "Owner", "quorum": 2}, "ADD_MEMBER": {"role": "Owner", "quorum": 2}, "REMOVE_MEMBER": {"role": "Owner", "quorum": 2}}, "roster": [{"id": "Alice", "role": "Owner"}, {"id": "Bob", "role": "Owner"}, {"id": "Carol", "role": "Custodian"}, {"id": "Dan", "role": "Custodian"}, {"id": "Eve", "role": "Auditor"}]}, "tag": "O58g5f2BapyhmGya8esi9YdNR+5sjMUrmfiU2gMdHYo="}
{"ts": 1760743263.8173618, "data": {"event": "APPROVAL_VERIFY", "action": "ROTATE_DATA_DEK", "ok": true, "msg": "OK", "signers": ["Carol", "Dan"]}, "tag": "gyVNRct1cSqDIsKECkkb0fJJeZ4e7xO4jJFCbfFd2Y4="}
{"ts": 1760743263.817488, "data": {"event": "ACTION_EXECUTE", "action": "ROTATE_DATA_DEK", "params": {"reason": "routine-rotation"}}, "tag": "L5uNa6A/IQCzeSEfm7D/V0iU7sWIwzzaV4yiIa4w5uM="}
{"ts": 1760743263.8185961, "data": {"event": "APPROVAL_VERIFY", "action": "CHANGE_THRESHOLD", "ok": false, "msg": ": 2 Owner)", "signers": ["Alice"]}, "tag": "MFEm7HKzoA6Q/HNUm40cBPwahVYvbz0s22Oa1/GeZjw="}
{"ts": 1760743263.819741, "data": {"event": "APPROVAL_VERIFY", "action": "CHANGE_THRESHOLD", "ok": true, "msg": "OK", "signers": ["Alice", "Bob"]}, "tag": "r0I4Yj6ZdMVm975rq41p1/If9bkQ6NE8a/Fs7z64Y40="}
{"ts": 1760743263.819835, "data": {"event": "ACTION_EXECUTE", "action": "CHANGE_THRESHOLD", "params": {"n": 6, "k": 3}}, "tag": "xOvqEKWaERDzCJgZ0aCy64COedTaCG8UG/LMVqmv5Bg="}
{"ts": 1760743296.763535, "data": {"event": "POLICY_LOAD", "policy": {"ROTATE_DATA_DEK": {"role": "Custodian", "quorum": 2}, "ROTATE_AUDIT_DEK": {"role": "Owner", "quorum": 2}, "CHANGE_THRESHOLD": {"role": "Owner", "quorum": 2}, "EXPORT_MK": {"role": "Owner", "quorum": 2}, "ADD_MEMBER": {"role": "Owner", "quorum": 2}, "REMOVE_MEMBER": {"role": "Owner", "quorum": 2}}, "roster": [{"id": "Alice", "role": "Owner"}, {"id": "Bob", "role": "Owner"}, {"id": "Carol", "role": "Custodian"}, {"id": "Dan", "role": "Custodian"}, {"id": "Eve", "role": "Auditor"}]}, "tag": "O58g5f2BapyhmGya8esi9YdNR+5sjMUrmfiU2gMdHYo="}
{"ts": 1760743296.7651992, "data": {"event": "APPROVAL_VERIFY", "action": "ROTATE_DATA_DEK", "ok": true, "msg": "OK", "signers": ["Carol", "Dan"]}, "tag": "gyVNRct1cSqDIsKECkkb0fJJeZ4e7xO4jJFCbfFd2Y4="}
{"ts": 1760743296.765313, "data": {"event": "ACTION_EXECUTE", "action": "ROTATE_DATA_DEK", "params": {"reason": "routine-rotation"}}, "tag": "L5uNa6A/IQCzeSEfm7D/V0iU7sWIwzzaV4yiIa4w5uM="}
{"ts": 1760743296.766176, "data": {"event": "APPROVAL_VERIFY", "action": "CHANGE_THRESHOLD", "ok": false, "msg": ": 2 Owner)", "signers": ["Alice"]}, "tag": "MFEm7HKzoA6Q/HNUm40cBPwahVYvbz0s22Oa1/GeZjw="}
{"ts": 1760743296.76718, "data": {"event": "APPROVAL_VERIFY", "action": "CHANGE_THRESHOLD", "ok": true, "msg": "OK", "signers": ["Alice", "Bob"]}, "tag": "r0I4Yj6ZdMVm975rq41p1/If9bkQ6NE8a/Fs7z64Y40="}
{"ts": 1760743296.7672782, "data": {"event": "ACTION_EXECUTE", "action": "CHANGE_THRESHOLD", "params": {"n": 6, "k": 3}}, "tag": "xOvqEKWaERDzCJgZ0aCy64COedTaCG8UG/LMVqmv5Bg="}
{"ts": 1760743349.5256698, "data": {"event": "POLICY_LOAD", "policy": {"ROTATE_DATA_DEK": {"role": "Custodian", "quorum": 2}, "ROTATE_AUDIT_DEK": {"role": "Owner", "quorum": 2}, "CHANGE_THRESHOLD": {"role": "Owner", "quorum": 2}, "EXPORT_MK": {"role": "Owner", "quorum": 2}, "ADD_MEMBER": {"role": "Owner", "quorum": 2}, "REMOVE_MEMBER": {"role": "Owner", "quorum": 2}}, "roster": [{"id": "Alice", "role": "Owner"}, {"id": "Bob", "role": "Owner"}, {"id": "Carol", "role": "Custodian"}, {"id": "Dan", "role": "Custodian"}, {"id": "Eve", "role": "Auditor"}]}, "tag": "O58g5f2BapyhmGya8esi9YdNR+5sjMUrmfiU2gMdHYo="}
{"ts": 1760743349.52729, "data": {"event": "APPROVAL_VERIFY", "action": "ROTATE_DATA_DEK", "ok": true, "msg": "OK", "signers": ["Carol", "Dan"]}, "tag": "gyVNRct1cSqDIsKECkkb0fJJeZ4e7xO4jJFCbfFd2Y4="}
{"ts": 1760743349.527405, "data": {"event": "ACTION_EXECUTE", "action": "ROTATE_DATA_DEK", "params": {"reason": "routine-rotation"}}, "tag": "L5uNa6A/IQCzeSEfm7D/V0iU7sWIwzzaV4yiIa4w5uM="}
{"ts": 1760743349.528419, "data": {"event": "APPROVAL_VERIFY", "action": "CHANGE_THRESHOLD", "ok": false, "msg": ": 2 Owner)", "signers": ["Alice"]}, "tag": "MFEm7HKzoA6Q/HNUm40cBPwahVYvbz0s22Oa1/GeZjw="}
{"ts": 1760743349.529383, "data": {"event": "APPROVAL_VERIFY", "action": "CHANGE_THRESHOLD", "ok": true, "msg": "OK", "signers": ["Alice", "Bob"]}, "tag": "r0I4Yj6ZdMVm975rq41p1/If9bkQ6NE8a/Fs7z64Y40="}
{"ts": 1760743349.529484, "data": {"event": "ACTION_EXECUTE", "action": "CHANGE_THRESHOLD", "params": {"n": 6, "k": 3}}, "tag": "xOvqEKWaERDzCJgZ0aCy64COedTaCG8UG/LMVqmv5Bg="}
{"ts": 1760743349.711242, "data": {"event": "POLICY_LOAD", "policy": {"ROTATE_DATA_DEK": {"role": "Custodian", "quorum": 2}, "ROTATE_AUDIT_DEK": {"role": "Owner", "quorum": 2}, "CHANGE_THRESHOLD": {"role": "Owner", "quorum": 2}, "EXPORT_MK": {"role": "Owner", "quorum": 2}, "ADD_MEMBER": {"role": "Owner", "quorum": 2}, "REMOVE_MEMBER": {"role": "Owner", "quorum": 2}}, "roster": [{"id": "Alice", "role": "Owner"}, {"id": "Bob", "role": "Owner"}, {"id": "Carol", "role": "Custodian"}, {"id": "Dan", "role": "Custodian"}, {"id": "Eve", "role": "Auditor"}]}, "tag": "O58g5f2BapyhmGya8esi9YdNR+5sjMUrmfiU2gMdHYo="}
{"ts": 1760743349.712928, "data": {"event": "APPROVAL_VERIFY", "action": "ROTATE_DATA_DEK", "ok": true, "msg": "OK", "signers": ["Carol", "Dan"]}, "tag": "gyVNRct1cSqDIsKECkkb0fJJeZ4e7xO4jJFCbfFd2Y4="}
{"ts": 1760743349.713036, "data": {"event": "ACTION_EXECUTE", "action": "ROTATE_DATA_DEK", "params": {"reason": "routine-rotation"}}, "tag": "L5uNa6A/IQCzeSEfm7D/V0iU7sWIwzzaV4yiIa4w5uM="}
{"ts": 1760743349.7141051, "data": {"event": "APPROVAL_VERIFY", "action": "CHANGE_THRESHOLD", "ok": false, "msg": ": 2 Owner)", "signers": ["Alice"]}, "tag": "MFEm7HKzoA6Q/HNUm40cBPwahVYvbz0s22Oa1/GeZjw="}
{"ts": 1760743349.715405, "data": {"event": "APPROVAL_VERIFY", "action": "CHANGE_THRESHOLD", "ok": true, "msg": "OK", "signers": ["Alice", "Bob"]}, "tag": "r0I4Yj6ZdMVm975rq41p1/If9bkQ6NE8a/Fs7z64Y40="}
{"ts": 1760743349.715523, "data": {"event": "ACTION_EXECUTE", "action": "CHANGE_THRESHOLD", "params": {"n": 6, "k": 3}}, "tag": "xOvqEKWaERDzCJgZ0aCy64COedTaCG8UG/LMVqmv5Bg="}
{"ts": 1760743371.0563378, "data": {"event": "POLICY_LOAD", "policy": {"ROTATE_DATA_DEK": {"role": "Custodian", "quorum": 2}, "ROTATE_AUDIT_DEK": {"role": "Owner", "quorum": 2}, "CHANGE_THRESHOLD": {"role": "Owner", "quorum": 2}, "EXPORT_MK": {"role": "Owner", "quorum": 2}, "ADD_MEMBER": {"role": "Owner", "quorum": 2}, "REMOVE_MEMBER": {"role": "Owner", "quorum": 2}}, "roster": [{"id": "Alice", "role": "Owner"}, {"id": "Bob", "role": "Owner"}, {"id": "Carol", "role": "Custodian"}, {"id": "Dan", "role": "Custodian"}, {"id": "Eve", "role": "Auditor"}]}, "tag": "O58g5f2BapyhmGya8esi9YdNR+5sjMUrmfiU2gMdHYo="}
{"ts": 1760743371.058072, "data": {"event": "APPROVAL_VERIFY", "action": "ROTATE_DATA_DEK", "ok": true, "msg": "OK", "signers": ["Carol", "Dan"]}, "tag": "gyVNRct1cSqDIsKECkkb0fJJeZ4e7xO4jJFCbfFd2Y4="}
{"ts": 1760743371.058201, "data": {"event": "ACTION_EXECUTE", "action": "ROTATE_DATA_DEK", "params": {"reason": "routine-rotation"}}, "tag": "L5uNa6A/IQCzeSEfm7D/V0iU7sWIwzzaV4yiIa4w5uM="}
{"ts": 1760743371.0591822, "data": {"event": "APPROVAL_VERIFY", "action": "CHANGE_THRESHOLD", "ok": false, "msg": ": 2 Owner)", "signers": ["Alice"]}, "tag": "MFEm7HKzoA6Q/HNUm40cBPwahVYvbz0s22Oa1/GeZjw="}
{"ts": 1760743371.060226, "data": {"event": "APPROVAL_VERIFY", "action": "CHANGE_THRESHOLD", "ok": true, "msg": "OK", "signers": ["Alice", "Bob"]}, "tag": "r0I4Yj6ZdMVm975rq41p1/If9bkQ6NE8a/Fs7z64Y40="}
{"ts": 1760743371.060322, "data": {"event": "ACTION_EXECUTE", "action": "CHANGE_THRESHOLD", "params": {"n": 6, "k": 3}}, "tag": "xOvqEKWaERDzCJgZ0aCy64COedTaCG8UG/LMVqmv5Bg="}
2025-10-18 08:27:39	ROTATE_DATA_DEK	routine-rotation	len=32
